<?xml version="1.0" encoding="UTF-8"?>
<robot generator="Robot 7.3 (Python 3.13.4 on win32)" generated="2025-07-02T00:01:34.077353" rpa="false" schemaversion="5">
<suite id="s1" name="Tests" source="C:\Users\raiqu\Desktop\Nero\Estágio\Challenge Final\Challenge Final\Testes automatizados API\tests">
<suite id="s1-s1" name="Authentication Tests" source="C:\Users\raiqu\Desktop\Nero\Estágio\Challenge Final\Challenge Final\Testes automatizados API\tests\authentication_tests.robot">
<test id="s1-s1-t1" name="AUTH-BE-002: Login de usuário" line="10">
<kw name="Iniciar sessão" owner="base" type="SETUP">
<kw name="Run Keyword If" owner="BuiltIn">
<arg>'${auth_token}' != '${EMPTY}'</arg>
<arg>Set To Dictionary</arg>
<arg>${headers}</arg>
<arg>Authorization=Bearer ${auth_token}</arg>
<doc>Runs the given keyword with the given arguments, if ``condition`` is true.</doc>
<status status="PASS" start="2025-07-02T00:01:34.717003" elapsed="0.000348"/>
</kw>
<kw name="Create Session" owner="RequestsLibrary">
<msg time="2025-07-02T00:01:34.717672" level="INFO">Creating Session using : alias=Cinema App API, url=http://localhost:5000/api/v1, headers={'accept': 'application/json', 'Content-Type': 'application/json'},                     cookies={}, auth=None, timeout=None, proxies=None, verify=False,                     debug=0 </msg>
<arg>alias=${ALIAS_BASE}</arg>
<arg>url=${URL_BASE}</arg>
<arg>headers=${headers}</arg>
<doc>Create Session: create a HTTP session to a server</doc>
<status status="PASS" start="2025-07-02T00:01:34.717469" elapsed="0.000361"/>
</kw>
<status status="PASS" start="2025-07-02T00:01:34.716429" elapsed="0.001458"/>
</kw>
<kw name="Payload login usuário comum" owner="common">
<kw name="Importar JSON static" owner="common">
<kw name="Get File" owner="OperatingSystem">
<msg time="2025-07-02T00:01:34.718637" level="INFO" html="true">Getting file '&lt;a href="file://C:\Users\raiqu\Desktop\Nero\Estágio\Challenge Final\Challenge Final\Testes automatizados API\support\fixtures\static\json_auth.json"&gt;C:\Users\raiqu\Desktop\Nero\Estágio\Challenge Final\Challenge Final\Testes automatizados API\support\fixtures\static\json_auth.json&lt;/a&gt;'.</msg>
<msg time="2025-07-02T00:01:34.718861" level="INFO">${arquivo} = {
    "user_login":{
        "email": "user@example.com",
        "password": "password123"
    },
    "admin_login":{
        "email": "admin@example.com",
        "password": "password123"
    },
  ...</msg>
<var>${arquivo}</var>
<arg>C:\\Users\\raiqu\\Desktop\\Nero\\Estágio\\Challenge Final\\Challenge Final\\Testes automatizados API\\support\\common/../../support/fixtures/static/${nome_arquivo}</arg>
<doc>Returns the contents of a specified file.</doc>
<status status="PASS" start="2025-07-02T00:01:34.718520" elapsed="0.000365"/>
</kw>
<kw name="Evaluate" owner="BuiltIn">
<msg time="2025-07-02T00:01:34.719171" level="INFO">${data} = {'user_login': {'email': 'user@example.com', 'password': 'password123'}, 'admin_login': {'email': 'admin@example.com', 'password': 'password123'}, 'user_valido': {'name': 'User Test', 'email': 'userTe...</msg>
<var>${data}</var>
<arg>json.loads('''${arquivo}''')</arg>
<arg>json</arg>
<doc>Evaluates the given expression in Python and returns the result.</doc>
<status status="PASS" start="2025-07-02T00:01:34.718972" elapsed="0.000219"/>
</kw>
<return>
<value>${data}</value>
<status status="PASS" start="2025-07-02T00:01:34.719230" elapsed="0.000035"/>
</return>
<msg time="2025-07-02T00:01:34.719360" level="INFO">${json} = {'user_login': {'email': 'user@example.com', 'password': 'password123'}, 'admin_login': {'email': 'admin@example.com', 'password': 'password123'}, 'user_valido': {'name': 'User Test', 'email': 'userTe...</msg>
<var>${json}</var>
<arg>json_auth.json</arg>
<status status="PASS" start="2025-07-02T00:01:34.718342" elapsed="0.001036"/>
</kw>
<kw name="Set Variable" owner="BuiltIn">
<msg time="2025-07-02T00:01:34.719736" level="INFO">${dados_login_user} = {'email': 'user@example.com', 'password': 'password123'}</msg>
<var>${dados_login_user}</var>
<arg>${json["user_login"]}</arg>
<doc>Returns the given values which can then be assigned to a variables.</doc>
<status status="PASS" start="2025-07-02T00:01:34.719459" elapsed="0.000296"/>
</kw>
<kw name="Set Test Variable" owner="BuiltIn">
<msg time="2025-07-02T00:01:34.719952" level="INFO">${dados_login_user} = {'email': 'user@example.com', 'password': 'password123'}</msg>
<arg>${dados_login_user}</arg>
<doc>Makes a variable available everywhere within the scope of the current test.</doc>
<status status="PASS" start="2025-07-02T00:01:34.719841" elapsed="0.000138"/>
</kw>
<status status="PASS" start="2025-07-02T00:01:34.718095" elapsed="0.001919"/>
</kw>
<kw name="POST endpoint /auth/Login" owner="authentication_keywords">
<kw name="POST On Session" owner="RequestsLibrary">
<msg time="2025-07-02T00:01:34.802687" level="INFO">POST Request : url=http://localhost:5000/api/v1/auth/login 
 path_url=/api/v1/auth/login 
 headers={'User-Agent': 'python-requests/2.32.3', 'Accept-Encoding': 'gzip, deflate', 'accept': 'application/json', 'Connection': 'keep-alive', 'Content-Type': 'application/json', 'Content-Length': '56'} 
 body=b'{"email": "user@example.com", "password": "password123"}' 
 </msg>
<msg time="2025-07-02T00:01:34.802792" level="INFO">POST Response : url=http://localhost:5000/api/v1/auth/login 
 status=200, reason=OK 
 headers={'X-Powered-By': 'Express', 'Access-Control-Allow-Origin': '*', 'Content-Type': 'application/json; charset=utf-8', 'Content-Length': '303', 'ETag': 'W/"12f-OYxcbuH+m50OCexkf2RZJ99GV/8"', 'Date': 'Wed, 02 Jul 2025 03:01:34 GMT', 'Connection': 'keep-alive', 'Keep-Alive': 'timeout=5'} 
 body={"success":true,"data":{"_id":"686467c06671646cb11ac3b0","name":"Regular User","email":"user@example.com","role":"user","token":"eyJhbGciOiJIUzI1NiIsInR5cCI6IkpXVCJ9.eyJpZCI6IjY4NjQ2N2MwNjY3MTY0NmNiMTFhYzNiMCIsImlhdCI6MTc1MTQyNTI5NCwiZXhwIjoxNzUxNTExNjk0fQ.0K_ODvq3OkrN_q8SCPVJ3VuCTxb9tw4AkhnAjNvcRz8"}} 
 </msg>
<msg time="2025-07-02T00:01:34.802901" level="INFO">${resp} = &lt;Response [200]&gt;</msg>
<var>${resp}</var>
<arg>alias=${ALIAS_BASE}</arg>
<arg>url=/auth/login</arg>
<arg>json=&amp;{payload}</arg>
<arg>headers=${headers}</arg>
<doc>Sends a POST request on a previously created HTTP Session.</doc>
<status status="PASS" start="2025-07-02T00:01:34.720424" elapsed="0.082501"/>
</kw>
<kw name="Log" owner="BuiltIn">
<msg time="2025-07-02T00:01:34.803476" level="INFO">Response: {'success': True, 'data': {'_id': '686467c06671646cb11ac3b0', 'name': 'Regular User', 'email': 'user@example.com', 'role': 'user', 'token': 'eyJhbGciOiJIUzI1NiIsInR5cCI6IkpXVCJ9.eyJpZCI6IjY4NjQ2N2MwNjY3MTY0NmNiMTFhYzNiMCIsImlhdCI6MTc1MTQyNTI5NCwiZXhwIjoxNzUxNTExNjk0fQ.0K_ODvq3OkrN_q8SCPVJ3VuCTxb9tw4AkhnAjNvcRz8'}}</msg>
<arg>Response: ${resp.json()}</arg>
<doc>Logs the given message with the given level.</doc>
<status status="PASS" start="2025-07-02T00:01:34.803081" elapsed="0.000437"/>
</kw>
<kw name="Set Test Variable" owner="BuiltIn">
<msg time="2025-07-02T00:01:34.803768" level="INFO">${resp} = &lt;Response [200]&gt;</msg>
<arg>${resp}</arg>
<doc>Makes a variable available everywhere within the scope of the current test.</doc>
<status status="PASS" start="2025-07-02T00:01:34.803634" elapsed="0.000167"/>
</kw>
<status status="PASS" start="2025-07-02T00:01:34.720177" elapsed="0.083674"/>
</kw>
<kw name="Validar se o login foi realizado com sucesso" owner="authentication_keywords">
<kw name="Should Be True" owner="BuiltIn">
<arg>${resp.json()["success"]}</arg>
<doc>Fails if the given condition is not true.</doc>
<status status="PASS" start="2025-07-02T00:01:34.804318" elapsed="0.000337"/>
</kw>
<kw name="Should Not Be Empty" owner="BuiltIn">
<msg time="2025-07-02T00:01:34.805071" level="INFO">Length is 171.</msg>
<arg>${resp.json()["data"]["token"]}</arg>
<doc>Verifies that the given item is not empty.</doc>
<status status="PASS" start="2025-07-02T00:01:34.804783" elapsed="0.000321"/>
</kw>
<kw name="Log" owner="BuiltIn">
<msg time="2025-07-02T00:01:34.805437" level="INFO">success: True</msg>
<arg>success: ${resp.json()["success"]}</arg>
<doc>Logs the given message with the given level.</doc>
<status status="PASS" start="2025-07-02T00:01:34.805191" elapsed="0.000387"/>
</kw>
<kw name="Log" owner="BuiltIn">
<msg time="2025-07-02T00:01:34.805903" level="INFO">token: eyJhbGciOiJIUzI1NiIsInR5cCI6IkpXVCJ9.eyJpZCI6IjY4NjQ2N2MwNjY3MTY0NmNiMTFhYzNiMCIsImlhdCI6MTc1MTQyNTI5NCwiZXhwIjoxNzUxNTExNjk0fQ.0K_ODvq3OkrN_q8SCPVJ3VuCTxb9tw4AkhnAjNvcRz8</msg>
<arg>token: ${resp.json()["data"]["token"]}</arg>
<doc>Logs the given message with the given level.</doc>
<status status="PASS" start="2025-07-02T00:01:34.805662" elapsed="0.000271"/>
</kw>
<status status="PASS" start="2025-07-02T00:01:34.804088" elapsed="0.001884"/>
</kw>
<kw name="Validar Status Code &quot;200&quot;" owner="common" source_name="Validar Status Code &quot;${statuscode}&quot;">
<kw name="Should Be True" owner="BuiltIn">
<arg>${resp.status_code} == ${statuscode}</arg>
<doc>Fails if the given condition is not true.</doc>
<status status="PASS" start="2025-07-02T00:01:34.806362" elapsed="0.000676"/>
</kw>
<kw name="Log" owner="BuiltIn">
<msg time="2025-07-02T00:01:34.807200" level="INFO">Status Code: 200</msg>
<arg>Status Code: ${statuscode}</arg>
<doc>Logs the given message with the given level.</doc>
<status status="PASS" start="2025-07-02T00:01:34.807122" elapsed="0.000105"/>
</kw>
<status status="PASS" start="2025-07-02T00:01:34.806141" elapsed="0.001122"/>
</kw>
<kw name="Finalizar sessão" owner="base" type="TEARDOWN">
<kw name="Delete All Sessions" owner="RequestsLibrary">
<msg time="2025-07-02T00:01:34.807818" level="INFO">Deleting All Sessions</msg>
<doc>Removes all the session objects</doc>
<status status="PASS" start="2025-07-02T00:01:34.807768" elapsed="0.000104"/>
</kw>
<kw name="Log" owner="BuiltIn">
<msg time="2025-07-02T00:01:34.808004" level="INFO">Sessões encerradas.</msg>
<arg>Sessões encerradas.</arg>
<doc>Logs the given message with the given level.</doc>
<status status="PASS" start="2025-07-02T00:01:34.807949" elapsed="0.000083"/>
</kw>
<status status="PASS" start="2025-07-02T00:01:34.807519" elapsed="0.000549"/>
</kw>
<doc>Teste realizado com os dados de login recomendado para testar a API em "Sample Users" no README do repositório "cinema-challenge-back"</doc>
<tag>login_válido</tag>
<status status="PASS" start="2025-07-02T00:01:34.715494" elapsed="0.092647"/>
</test>
<test id="s1-s1-t2" name="AUTH-BE-006: Registro com e-mail já existente" line="17">
<kw name="Iniciar sessão" owner="base" type="SETUP">
<kw name="Run Keyword If" owner="BuiltIn">
<arg>'${auth_token}' != '${EMPTY}'</arg>
<arg>Set To Dictionary</arg>
<arg>${headers}</arg>
<arg>Authorization=Bearer ${auth_token}</arg>
<doc>Runs the given keyword with the given arguments, if ``condition`` is true.</doc>
<status status="PASS" start="2025-07-02T00:01:34.808944" elapsed="0.000268"/>
</kw>
<kw name="Create Session" owner="RequestsLibrary">
<msg time="2025-07-02T00:01:34.809464" level="INFO">Creating Session using : alias=Cinema App API, url=http://localhost:5000/api/v1, headers={'accept': 'application/json', 'Content-Type': 'application/json'},                     cookies={}, auth=None, timeout=None, proxies=None, verify=False,                     debug=0 </msg>
<arg>alias=${ALIAS_BASE}</arg>
<arg>url=${URL_BASE}</arg>
<arg>headers=${headers}</arg>
<doc>Create Session: create a HTTP session to a server</doc>
<status status="PASS" start="2025-07-02T00:01:34.809301" elapsed="0.000268"/>
</kw>
<status status="PASS" start="2025-07-02T00:01:34.808780" elapsed="0.000831"/>
</kw>
<kw name="Payload registro com email duplicado" owner="common">
<kw name="Importar JSON static" owner="common">
<kw name="Get File" owner="OperatingSystem">
<msg time="2025-07-02T00:01:34.810287" level="INFO" html="true">Getting file '&lt;a href="file://C:\Users\raiqu\Desktop\Nero\Estágio\Challenge Final\Challenge Final\Testes automatizados API\support\fixtures\static\json_auth.json"&gt;C:\Users\raiqu\Desktop\Nero\Estágio\Challenge Final\Challenge Final\Testes automatizados API\support\fixtures\static\json_auth.json&lt;/a&gt;'.</msg>
<msg time="2025-07-02T00:01:34.810527" level="INFO">${arquivo} = {
    "user_login":{
        "email": "user@example.com",
        "password": "password123"
    },
    "admin_login":{
        "email": "admin@example.com",
        "password": "password123"
    },
  ...</msg>
<var>${arquivo}</var>
<arg>C:\\Users\\raiqu\\Desktop\\Nero\\Estágio\\Challenge Final\\Challenge Final\\Testes automatizados API\\support\\common/../../support/fixtures/static/${nome_arquivo}</arg>
<doc>Returns the contents of a specified file.</doc>
<status status="PASS" start="2025-07-02T00:01:34.810182" elapsed="0.000368"/>
</kw>
<kw name="Evaluate" owner="BuiltIn">
<msg time="2025-07-02T00:01:34.810814" level="INFO">${data} = {'user_login': {'email': 'user@example.com', 'password': 'password123'}, 'admin_login': {'email': 'admin@example.com', 'password': 'password123'}, 'user_valido': {'name': 'User Test', 'email': 'userTe...</msg>
<var>${data}</var>
<arg>json.loads('''${arquivo}''')</arg>
<arg>json</arg>
<doc>Evaluates the given expression in Python and returns the result.</doc>
<status status="PASS" start="2025-07-02T00:01:34.810637" elapsed="0.000197"/>
</kw>
<return>
<value>${data}</value>
<status status="PASS" start="2025-07-02T00:01:34.810871" elapsed="0.000035"/>
</return>
<msg time="2025-07-02T00:01:34.810992" level="INFO">${json} = {'user_login': {'email': 'user@example.com', 'password': 'password123'}, 'admin_login': {'email': 'admin@example.com', 'password': 'password123'}, 'user_valido': {'name': 'User Test', 'email': 'userTe...</msg>
<var>${json}</var>
<arg>json_auth.json</arg>
<status status="PASS" start="2025-07-02T00:01:34.810035" elapsed="0.000974"/>
</kw>
<kw name="Set Variable" owner="BuiltIn">
<msg time="2025-07-02T00:01:34.811332" level="INFO">${dados_regis_dup} = {'email': 'user@example.com', 'password': 'qatest321'}</msg>
<var>${dados_regis_dup}</var>
<arg>${json["user_email_dup"]}</arg>
<doc>Returns the given values which can then be assigned to a variables.</doc>
<status status="PASS" start="2025-07-02T00:01:34.811083" elapsed="0.000266"/>
</kw>
<kw name="Set Test Variable" owner="BuiltIn">
<msg time="2025-07-02T00:01:34.811527" level="INFO">${dados_regis_dup} = {'email': 'user@example.com', 'password': 'qatest321'}</msg>
<arg>${dados_regis_dup}</arg>
<doc>Makes a variable available everywhere within the scope of the current test.</doc>
<status status="PASS" start="2025-07-02T00:01:34.811430" elapsed="0.000121"/>
</kw>
<status status="PASS" start="2025-07-02T00:01:34.809865" elapsed="0.001719"/>
</kw>
<kw name="POST endpoint /auth/register" owner="authentication_keywords">
<kw name="POST On Session" owner="RequestsLibrary">
<msg time="2025-07-02T00:01:34.835643" level="INFO">POST Request : url=http://localhost:5000/api/v1/auth/register 
 path_url=/api/v1/auth/register 
 headers={'User-Agent': 'python-requests/2.32.3', 'Accept-Encoding': 'gzip, deflate', 'accept': 'application/json', 'Connection': 'keep-alive', 'Content-Type': 'application/json', 'Content-Length': '54'} 
 body=b'{"email": "user@example.com", "password": "qatest321"}' 
 </msg>
<msg time="2025-07-02T00:01:34.835701" level="INFO">POST Response : url=http://localhost:5000/api/v1/auth/register 
 status=400, reason=Bad Request 
 headers={'X-Powered-By': 'Express', 'Access-Control-Allow-Origin': '*', 'Content-Type': 'application/json; charset=utf-8', 'Content-Length': '49', 'ETag': 'W/"31-WKEMg8zALB1Ko0WjUHi/6RBGHVc"', 'Date': 'Wed, 02 Jul 2025 03:01:34 GMT', 'Connection': 'keep-alive', 'Keep-Alive': 'timeout=5'} 
 body={"success":false,"message":"User already exists"} 
 </msg>
<msg time="2025-07-02T00:01:34.835912" level="INFO">${resp} = &lt;Response [400]&gt;</msg>
<var>${resp}</var>
<arg>alias=${ALIAS_BASE}</arg>
<arg>url=/auth/register</arg>
<arg>json=&amp;{payload}</arg>
<arg>headers=${headers}</arg>
<arg>expected_status=${status_code_desejado}</arg>
<doc>Sends a POST request on a previously created HTTP Session.</doc>
<status status="PASS" start="2025-07-02T00:01:34.812194" elapsed="0.023743"/>
</kw>
<kw name="Log" owner="BuiltIn">
<msg time="2025-07-02T00:01:34.836431" level="INFO">Response: {'success': False, 'message': 'User already exists'}</msg>
<arg>Response: ${resp.json()}</arg>
<doc>Logs the given message with the given level.</doc>
<status status="PASS" start="2025-07-02T00:01:34.836134" elapsed="0.000327"/>
</kw>
<kw name="Set Test Variable" owner="BuiltIn">
<msg time="2025-07-02T00:01:34.836646" level="INFO">${resp} = &lt;Response [400]&gt;</msg>
<arg>${resp}</arg>
<doc>Makes a variable available everywhere within the scope of the current test.</doc>
<status status="PASS" start="2025-07-02T00:01:34.836546" elapsed="0.000126"/>
</kw>
<status status="PASS" start="2025-07-02T00:01:34.811948" elapsed="0.024761"/>
</kw>
<kw name="Validar se retorna mensagem informando que já existe usuário com esse email" owner="authentication_keywords">
<kw name="Should Be Equal" owner="BuiltIn">
<arg>${resp.json()["success"]}</arg>
<arg>${False}</arg>
<doc>Fails if the given objects are unequal.</doc>
<status status="PASS" start="2025-07-02T00:01:34.837079" elapsed="0.000295"/>
</kw>
<kw name="Should Be Equal" owner="BuiltIn">
<arg>${resp.json()["message"]}</arg>
<arg>User already exists</arg>
<doc>Fails if the given objects are unequal.</doc>
<status status="PASS" start="2025-07-02T00:01:34.837463" elapsed="0.000259"/>
</kw>
<kw name="Log" owner="BuiltIn">
<msg time="2025-07-02T00:01:34.838035" level="INFO">success: False</msg>
<arg>success: ${resp.json()["success"]}</arg>
<doc>Logs the given message with the given level.</doc>
<status status="PASS" start="2025-07-02T00:01:34.837804" elapsed="0.000260"/>
</kw>
<kw name="Log" owner="BuiltIn">
<msg time="2025-07-02T00:01:34.838365" level="INFO">message: User already exists</msg>
<arg>message: ${resp.json()["message"]}</arg>
<doc>Logs the given message with the given level.</doc>
<status status="PASS" start="2025-07-02T00:01:34.838139" elapsed="0.000254"/>
</kw>
<status status="PASS" start="2025-07-02T00:01:34.836900" elapsed="0.001530"/>
</kw>
<kw name="Validar Status Code &quot;400&quot;" owner="common" source_name="Validar Status Code &quot;${statuscode}&quot;">
<kw name="Should Be True" owner="BuiltIn">
<arg>${resp.status_code} == ${statuscode}</arg>
<doc>Fails if the given condition is not true.</doc>
<status status="PASS" start="2025-07-02T00:01:34.838830" elapsed="0.000463"/>
</kw>
<kw name="Log" owner="BuiltIn">
<msg time="2025-07-02T00:01:34.839443" level="INFO">Status Code: 400</msg>
<arg>Status Code: ${statuscode}</arg>
<doc>Logs the given message with the given level.</doc>
<status status="PASS" start="2025-07-02T00:01:34.839372" elapsed="0.000098"/>
</kw>
<status status="PASS" start="2025-07-02T00:01:34.838609" elapsed="0.000895"/>
</kw>
<kw name="Finalizar sessão" owner="base" type="TEARDOWN">
<kw name="Delete All Sessions" owner="RequestsLibrary">
<msg time="2025-07-02T00:01:34.839895" level="INFO">Deleting All Sessions</msg>
<doc>Removes all the session objects</doc>
<status status="PASS" start="2025-07-02T00:01:34.839852" elapsed="0.000083"/>
</kw>
<kw name="Log" owner="BuiltIn">
<msg time="2025-07-02T00:01:34.840054" level="INFO">Sessões encerradas.</msg>
<arg>Sessões encerradas.</arg>
<doc>Logs the given message with the given level.</doc>
<status status="PASS" start="2025-07-02T00:01:34.840004" elapsed="0.000076"/>
</kw>
<status status="PASS" start="2025-07-02T00:01:34.839675" elapsed="0.000437"/>
</kw>
<doc>Para realizar este teste tentei registrar um usuário usando o email recomendado para testar a API em "Sample Users" no README do repositório "cinema-challenge-back"</doc>
<tag>registro_email_dup</tag>
<status status="PASS" start="2025-07-02T00:01:34.808381" elapsed="0.031792"/>
</test>
<test id="s1-s1-t3" name="AUTH-BE-007: Login com credenciais inválidas" line="24">
<kw name="Iniciar sessão" owner="base" type="SETUP">
<kw name="Run Keyword If" owner="BuiltIn">
<arg>'${auth_token}' != '${EMPTY}'</arg>
<arg>Set To Dictionary</arg>
<arg>${headers}</arg>
<arg>Authorization=Bearer ${auth_token}</arg>
<doc>Runs the given keyword with the given arguments, if ``condition`` is true.</doc>
<status status="PASS" start="2025-07-02T00:01:34.840795" elapsed="0.000270"/>
</kw>
<kw name="Create Session" owner="RequestsLibrary">
<msg time="2025-07-02T00:01:34.841310" level="INFO">Creating Session using : alias=Cinema App API, url=http://localhost:5000/api/v1, headers={'accept': 'application/json', 'Content-Type': 'application/json'},                     cookies={}, auth=None, timeout=None, proxies=None, verify=False,                     debug=0 </msg>
<arg>alias=${ALIAS_BASE}</arg>
<arg>url=${URL_BASE}</arg>
<arg>headers=${headers}</arg>
<doc>Create Session: create a HTTP session to a server</doc>
<status status="PASS" start="2025-07-02T00:01:34.841153" elapsed="0.000247"/>
</kw>
<status status="PASS" start="2025-07-02T00:01:34.840641" elapsed="0.000800"/>
</kw>
<kw name="Payload login com credenciais inválidas" owner="common">
<kw name="Importar JSON static" owner="common">
<kw name="Get File" owner="OperatingSystem">
<msg time="2025-07-02T00:01:34.841995" level="INFO" html="true">Getting file '&lt;a href="file://C:\Users\raiqu\Desktop\Nero\Estágio\Challenge Final\Challenge Final\Testes automatizados API\support\fixtures\static\json_auth.json"&gt;C:\Users\raiqu\Desktop\Nero\Estágio\Challenge Final\Challenge Final\Testes automatizados API\support\fixtures\static\json_auth.json&lt;/a&gt;'.</msg>
<msg time="2025-07-02T00:01:34.842221" level="INFO">${arquivo} = {
    "user_login":{
        "email": "user@example.com",
        "password": "password123"
    },
    "admin_login":{
        "email": "admin@example.com",
        "password": "password123"
    },
  ...</msg>
<var>${arquivo}</var>
<arg>C:\\Users\\raiqu\\Desktop\\Nero\\Estágio\\Challenge Final\\Challenge Final\\Testes automatizados API\\support\\common/../../support/fixtures/static/${nome_arquivo}</arg>
<doc>Returns the contents of a specified file.</doc>
<status status="PASS" start="2025-07-02T00:01:34.841896" elapsed="0.000347"/>
</kw>
<kw name="Evaluate" owner="BuiltIn">
<msg time="2025-07-02T00:01:34.842504" level="INFO">${data} = {'user_login': {'email': 'user@example.com', 'password': 'password123'}, 'admin_login': {'email': 'admin@example.com', 'password': 'password123'}, 'user_valido': {'name': 'User Test', 'email': 'userTe...</msg>
<var>${data}</var>
<arg>json.loads('''${arquivo}''')</arg>
<arg>json</arg>
<doc>Evaluates the given expression in Python and returns the result.</doc>
<status status="PASS" start="2025-07-02T00:01:34.842328" elapsed="0.000195"/>
</kw>
<return>
<value>${data}</value>
<status status="PASS" start="2025-07-02T00:01:34.842559" elapsed="0.000024"/>
</return>
<msg time="2025-07-02T00:01:34.842666" level="INFO">${json} = {'user_login': {'email': 'user@example.com', 'password': 'password123'}, 'admin_login': {'email': 'admin@example.com', 'password': 'password123'}, 'user_valido': {'name': 'User Test', 'email': 'userTe...</msg>
<var>${json}</var>
<arg>json_auth.json</arg>
<status status="PASS" start="2025-07-02T00:01:34.841725" elapsed="0.000957"/>
</kw>
<kw name="Set Variable" owner="BuiltIn">
<msg time="2025-07-02T00:01:34.843015" level="INFO">${dados_login_inv} = {'email': 'invalidEmail.com', 'password': ''}</msg>
<var>${dados_login_inv}</var>
<arg>${json["user_login_inv"]}</arg>
<doc>Returns the given values which can then be assigned to a variables.</doc>
<status status="PASS" start="2025-07-02T00:01:34.842759" elapsed="0.000276"/>
</kw>
<kw name="Set Test Variable" owner="BuiltIn">
<msg time="2025-07-02T00:01:34.843221" level="INFO">${dados_login_inv} = {'email': 'invalidEmail.com', 'password': ''}</msg>
<arg>${dados_login_inv}</arg>
<doc>Makes a variable available everywhere within the scope of the current test.</doc>
<status status="PASS" start="2025-07-02T00:01:34.843116" elapsed="0.000131"/>
</kw>
<status status="PASS" start="2025-07-02T00:01:34.841572" elapsed="0.001708"/>
</kw>
<kw name="POST endpoint /auth/login com credenciais inválidas" owner="authentication_keywords">
<kw name="POST On Session" owner="RequestsLibrary">
<msg time="2025-07-02T00:01:34.866309" level="INFO">POST Request : url=http://localhost:5000/api/v1/auth/login 
 path_url=/api/v1/auth/login 
 headers={'User-Agent': 'python-requests/2.32.3', 'Accept-Encoding': 'gzip, deflate', 'accept': 'application/json', 'Connection': 'keep-alive', 'Content-Type': 'application/json', 'Content-Length': '45'} 
 body=b'{"email": "invalidEmail.com", "password": ""}' 
 </msg>
<msg time="2025-07-02T00:01:34.866377" level="INFO">POST Response : url=http://localhost:5000/api/v1/auth/login 
 status=401, reason=Unauthorized 
 headers={'X-Powered-By': 'Express', 'Access-Control-Allow-Origin': '*', 'Content-Type': 'application/json; charset=utf-8', 'Content-Length': '55', 'ETag': 'W/"37-5uDpJTljPBecOPs/j7OXFdPRcmQ"', 'Date': 'Wed, 02 Jul 2025 03:01:34 GMT', 'Connection': 'keep-alive', 'Keep-Alive': 'timeout=5'} 
 body={"success":false,"message":"Invalid email or password"} 
 </msg>
<msg time="2025-07-02T00:01:34.866488" level="INFO">${resp} = &lt;Response [401]&gt;</msg>
<var>${resp}</var>
<arg>alias=${ALIAS_BASE}</arg>
<arg>url=/auth/login</arg>
<arg>json=&amp;{payload}</arg>
<arg>headers=${headers}</arg>
<arg>expected_status=${status_code_desejado}</arg>
<doc>Sends a POST request on a previously created HTTP Session.</doc>
<status status="PASS" start="2025-07-02T00:01:34.843845" elapsed="0.022667"/>
</kw>
<kw name="Log" owner="BuiltIn">
<msg time="2025-07-02T00:01:34.867059" level="INFO">Response: {'success': False, 'message': 'Invalid email or password'}</msg>
<arg>Response: ${resp.json()}</arg>
<doc>Logs the given message with the given level.</doc>
<status status="PASS" start="2025-07-02T00:01:34.866665" elapsed="0.000428"/>
</kw>
<kw name="Set Test Variable" owner="BuiltIn">
<msg time="2025-07-02T00:01:34.867329" level="INFO">${resp} = &lt;Response [401]&gt;</msg>
<arg>${resp}</arg>
<doc>Makes a variable available everywhere within the scope of the current test.</doc>
<status status="PASS" start="2025-07-02T00:01:34.867188" elapsed="0.000171"/>
</kw>
<status status="PASS" start="2025-07-02T00:01:34.843537" elapsed="0.023864"/>
</kw>
<kw name="Validar se retorna mensagem informando que as credenciais são inválidas" owner="authentication_keywords">
<kw name="Should Be Equal" owner="BuiltIn">
<arg>${resp.json()["success"]}</arg>
<arg>${False}</arg>
<doc>Fails if the given objects are unequal.</doc>
<status status="PASS" start="2025-07-02T00:01:34.867875" elapsed="0.000325"/>
</kw>
<kw name="Should Be Equal" owner="BuiltIn">
<arg>${resp.json()["message"]}</arg>
<arg>Invalid email or password</arg>
<doc>Fails if the given objects are unequal.</doc>
<status status="PASS" start="2025-07-02T00:01:34.868287" elapsed="0.000296"/>
</kw>
<kw name="Log" owner="BuiltIn">
<msg time="2025-07-02T00:01:34.868927" level="INFO">success: False</msg>
<arg>success: ${resp.json()["success"]}</arg>
<doc>Logs the given message with the given level.</doc>
<status status="PASS" start="2025-07-02T00:01:34.868674" elapsed="0.000284"/>
</kw>
<kw name="Log" owner="BuiltIn">
<msg time="2025-07-02T00:01:34.869272" level="INFO">message: Invalid email or password</msg>
<arg>message: ${resp.json()["message"]}</arg>
<doc>Logs the given message with the given level.</doc>
<status status="PASS" start="2025-07-02T00:01:34.869036" elapsed="0.000271"/>
</kw>
<status status="PASS" start="2025-07-02T00:01:34.867642" elapsed="0.001703"/>
</kw>
<kw name="Validar Status Code &quot;401&quot;" owner="common" source_name="Validar Status Code &quot;${statuscode}&quot;">
<kw name="Should Be True" owner="BuiltIn">
<arg>${resp.status_code} == ${statuscode}</arg>
<doc>Fails if the given condition is not true.</doc>
<status status="PASS" start="2025-07-02T00:01:34.869687" elapsed="0.000479"/>
</kw>
<kw name="Log" owner="BuiltIn">
<msg time="2025-07-02T00:01:34.870322" level="INFO">Status Code: 401</msg>
<arg>Status Code: ${statuscode}</arg>
<doc>Logs the given message with the given level.</doc>
<status status="PASS" start="2025-07-02T00:01:34.870248" elapsed="0.000101"/>
</kw>
<status status="PASS" start="2025-07-02T00:01:34.869509" elapsed="0.000876"/>
</kw>
<kw name="Finalizar sessão" owner="base" type="TEARDOWN">
<kw name="Delete All Sessions" owner="RequestsLibrary">
<msg time="2025-07-02T00:01:34.870775" level="INFO">Deleting All Sessions</msg>
<doc>Removes all the session objects</doc>
<status status="PASS" start="2025-07-02T00:01:34.870733" elapsed="0.000082"/>
</kw>
<kw name="Log" owner="BuiltIn">
<msg time="2025-07-02T00:01:34.870935" level="INFO">Sessões encerradas.</msg>
<arg>Sessões encerradas.</arg>
<doc>Logs the given message with the given level.</doc>
<status status="PASS" start="2025-07-02T00:01:34.870886" elapsed="0.000076"/>
</kw>
<status status="PASS" start="2025-07-02T00:01:34.870563" elapsed="0.000433"/>
</kw>
<tag>login_inválido</tag>
<status status="PASS" start="2025-07-02T00:01:34.840393" elapsed="0.030662"/>
</test>
<doc>Cenários de testes candidatos à automação para o módulo de "Authentication"</doc>
<status status="PASS" start="2025-07-02T00:01:34.100487" elapsed="0.771003"/>
</suite>
<suite id="s1-s2" name="Movie Tests" source="C:\Users\raiqu\Desktop\Nero\Estágio\Challenge Final\Challenge Final\Testes automatizados API\tests\movie_tests.robot">
<test id="s1-s2-t1" name="MOVIE-BE-002: Visualizar detalhes do filme" line="10">
<kw name="Iniciar sessão" owner="base" type="SETUP">
<kw name="Run Keyword If" owner="BuiltIn">
<arg>'${auth_token}' != '${EMPTY}'</arg>
<arg>Set To Dictionary</arg>
<arg>${headers}</arg>
<arg>Authorization=Bearer ${auth_token}</arg>
<doc>Runs the given keyword with the given arguments, if ``condition`` is true.</doc>
<status status="PASS" start="2025-07-02T00:01:34.879814" elapsed="0.000340"/>
</kw>
<kw name="Create Session" owner="RequestsLibrary">
<msg time="2025-07-02T00:01:34.880478" level="INFO">Creating Session using : alias=Cinema App API, url=http://localhost:5000/api/v1, headers={'accept': 'application/json', 'Content-Type': 'application/json'},                     cookies={}, auth=None, timeout=None, proxies=None, verify=False,                     debug=0 </msg>
<arg>alias=${ALIAS_BASE}</arg>
<arg>url=${URL_BASE}</arg>
<arg>headers=${headers}</arg>
<doc>Create Session: create a HTTP session to a server</doc>
<status status="PASS" start="2025-07-02T00:01:34.880266" elapsed="0.000344"/>
</kw>
<status status="PASS" start="2025-07-02T00:01:34.879618" elapsed="0.001049"/>
</kw>
<kw name="Reset movie from database" owner="common">
<kw name="Payload criar filme com dados válidos" owner="common">
<kw name="Importar JSON static" owner="common">
<kw name="Get File" owner="OperatingSystem">
<msg time="2025-07-02T00:01:34.881571" level="INFO" html="true">Getting file '&lt;a href="file://C:\Users\raiqu\Desktop\Nero\Estágio\Challenge Final\Challenge Final\Testes automatizados API\support\fixtures\static\json_movie.json"&gt;C:\Users\raiqu\Desktop\Nero\Estágio\Challenge Final\Challenge Final\Testes automatizados API\support\fixtures\static\json_movie.json&lt;/a&gt;'.</msg>
<msg time="2025-07-02T00:01:34.881814" level="INFO">${arquivo} = {
    "movie_valido": {
        "title": "Filme Para Teste",
        "synopsis": "Sinopse do Filme",
        "director": "Testador de Filme",
        "genres": [
            "Science Fiction"
        ...</msg>
<var>${arquivo}</var>
<arg>C:\\Users\\raiqu\\Desktop\\Nero\\Estágio\\Challenge Final\\Challenge Final\\Testes automatizados API\\support\\common/../../support/fixtures/static/${nome_arquivo}</arg>
<doc>Returns the contents of a specified file.</doc>
<status status="PASS" start="2025-07-02T00:01:34.881448" elapsed="0.000389"/>
</kw>
<kw name="Evaluate" owner="BuiltIn">
<msg time="2025-07-02T00:01:34.882112" level="INFO">${data} = {'movie_valido': {'title': 'Filme Para Teste', 'synopsis': 'Sinopse do Filme', 'director': 'Testador de Filme', 'genres': ['Science Fiction'], 'duration': 200, 'classification': 'R', 'poster': 'FilmeP...</msg>
<var>${data}</var>
<arg>json.loads('''${arquivo}''')</arg>
<arg>json</arg>
<doc>Evaluates the given expression in Python and returns the result.</doc>
<status status="PASS" start="2025-07-02T00:01:34.881926" elapsed="0.000281"/>
</kw>
<return>
<value>${data}</value>
<status status="PASS" start="2025-07-02T00:01:34.882248" elapsed="0.000026"/>
</return>
<msg time="2025-07-02T00:01:34.882365" level="INFO">${json} = {'movie_valido': {'title': 'Filme Para Teste', 'synopsis': 'Sinopse do Filme', 'director': 'Testador de Filme', 'genres': ['Science Fiction'], 'duration': 200, 'classification': 'R', 'poster': 'FilmeP...</msg>
<var>${json}</var>
<arg>json_movie.json</arg>
<status status="PASS" start="2025-07-02T00:01:34.881260" elapsed="0.001123"/>
</kw>
<kw name="Set Variable" owner="BuiltIn">
<msg time="2025-07-02T00:01:34.882723" level="INFO">${dados_movie_valido} = {'title': 'Filme Para Teste', 'synopsis': 'Sinopse do Filme', 'director': 'Testador de Filme', 'genres': ['Science Fiction'], 'duration': 200, 'classification': 'R', 'poster': 'FilmePoster.png', 'rele...</msg>
<var>${dados_movie_valido}</var>
<arg>${json["movie_valido"]}</arg>
<doc>Returns the given values which can then be assigned to a variables.</doc>
<status status="PASS" start="2025-07-02T00:01:34.882462" elapsed="0.000280"/>
</kw>
<kw name="Set Test Variable" owner="BuiltIn">
<msg time="2025-07-02T00:01:34.882934" level="INFO">${dados_movie_valido} = {'title': 'Filme Para Teste', 'synopsis': 'Sinopse do Filme', 'director': 'Testador de Filme', 'genres': ['Science Fiction'], 'duration': 200, 'classification': 'R', 'poster': 'FilmePoster.png', 'rele...</msg>
<arg>${dados_movie_valido}</arg>
<doc>Makes a variable available everywhere within the scope of the current test.</doc>
<status status="PASS" start="2025-07-02T00:01:34.882824" elapsed="0.000136"/>
</kw>
<status status="PASS" start="2025-07-02T00:01:34.881071" elapsed="0.001923"/>
</kw>
<kw name="Set Variable" owner="BuiltIn">
<msg time="2025-07-02T00:01:34.883157" level="INFO">${movie_title} = Filme Para Teste</msg>
<var>${movie_title}</var>
<arg>${dados_movie_valido}[title]</arg>
<doc>Returns the given values which can then be assigned to a variables.</doc>
<status status="PASS" start="2025-07-02T00:01:34.883061" elapsed="0.000112"/>
</kw>
<kw name="Remove movie from database" owner="database">
<msg time="2025-07-02T00:01:35.070241" level="INFO">Found movie with ID: 6864a03fad3d902b83838914 and title: Filme Para Teste
Removed 1 movie(s) with title: Filme Para Teste</msg>
<arg>${movie_title}</arg>
<status status="PASS" start="2025-07-02T00:01:34.883244" elapsed="0.187077"/>
</kw>
<kw name="Inserir filme no banco e pegar ID" owner="common">
<kw name="Insert movie from database" owner="database">
<msg time="2025-07-02T00:01:35.099153" level="INFO">Movie inserted with ID: 6864a10ff75602e326ad6200</msg>
<msg time="2025-07-02T00:01:35.099266" level="INFO">${movie_id} = 6864a10ff75602e326ad6200</msg>
<var>${movie_id}</var>
<arg>${movie_data}</arg>
<status status="PASS" start="2025-07-02T00:01:35.070842" elapsed="0.028448"/>
</kw>
<kw name="Set Test Variable" owner="BuiltIn">
<msg time="2025-07-02T00:01:35.099619" level="INFO">${movie_id} = 6864a10ff75602e326ad6200</msg>
<arg>${movie_id}</arg>
<doc>Makes a variable available everywhere within the scope of the current test.</doc>
<status status="PASS" start="2025-07-02T00:01:35.099452" elapsed="0.000201"/>
</kw>
<kw name="Log" owner="BuiltIn">
<msg time="2025-07-02T00:01:35.099849" level="INFO">Movie inserted with ID: 6864a10ff75602e326ad6200</msg>
<arg>Movie inserted with ID: ${movie_id}</arg>
<doc>Logs the given message with the given level.</doc>
<status status="PASS" start="2025-07-02T00:01:35.099748" elapsed="0.000138"/>
</kw>
<return>
<value>${movie_id}</value>
<status status="PASS" start="2025-07-02T00:01:35.099927" elapsed="0.000037"/>
</return>
<msg time="2025-07-02T00:01:35.100071" level="INFO">${movie_id} = 6864a10ff75602e326ad6200</msg>
<var>${movie_id}</var>
<arg>${dados_movie_valido}</arg>
<status status="PASS" start="2025-07-02T00:01:35.070538" elapsed="0.029554"/>
</kw>
<kw name="Set Test Variable" owner="BuiltIn">
<msg time="2025-07-02T00:01:35.100305" level="INFO">${movie_id} = 6864a10ff75602e326ad6200</msg>
<arg>${movie_id}</arg>
<doc>Makes a variable available everywhere within the scope of the current test.</doc>
<status status="PASS" start="2025-07-02T00:01:35.100191" elapsed="0.000146"/>
</kw>
<kw name="Set Test Variable" owner="BuiltIn">
<msg time="2025-07-02T00:01:35.100540" level="INFO">${movie_title} = Filme Para Teste</msg>
<arg>${movie_title}</arg>
<doc>Makes a variable available everywhere within the scope of the current test.</doc>
<status status="PASS" start="2025-07-02T00:01:35.100429" elapsed="0.000141"/>
</kw>
<status status="PASS" start="2025-07-02T00:01:34.880866" elapsed="0.219745"/>
</kw>
<kw name="Login usuário comum" owner="common">
<kw name="Payload login usuário comum" owner="common">
<kw name="Importar JSON static" owner="common">
<kw name="Get File" owner="OperatingSystem">
<msg time="2025-07-02T00:01:35.101692" level="INFO" html="true">Getting file '&lt;a href="file://C:\Users\raiqu\Desktop\Nero\Estágio\Challenge Final\Challenge Final\Testes automatizados API\support\fixtures\static\json_auth.json"&gt;C:\Users\raiqu\Desktop\Nero\Estágio\Challenge Final\Challenge Final\Testes automatizados API\support\fixtures\static\json_auth.json&lt;/a&gt;'.</msg>
<msg time="2025-07-02T00:01:35.101985" level="INFO">${arquivo} = {
    "user_login":{
        "email": "user@example.com",
        "password": "password123"
    },
    "admin_login":{
        "email": "admin@example.com",
        "password": "password123"
    },
  ...</msg>
<var>${arquivo}</var>
<arg>C:\\Users\\raiqu\\Desktop\\Nero\\Estágio\\Challenge Final\\Challenge Final\\Testes automatizados API\\support\\common/../../support/fixtures/static/${nome_arquivo}</arg>
<doc>Returns the contents of a specified file.</doc>
<status status="PASS" start="2025-07-02T00:01:35.101570" elapsed="0.000445"/>
</kw>
<kw name="Evaluate" owner="BuiltIn">
<msg time="2025-07-02T00:01:35.102368" level="INFO">${data} = {'user_login': {'email': 'user@example.com', 'password': 'password123'}, 'admin_login': {'email': 'admin@example.com', 'password': 'password123'}, 'user_valido': {'name': 'User Test', 'email': 'userTe...</msg>
<var>${data}</var>
<arg>json.loads('''${arquivo}''')</arg>
<arg>json</arg>
<doc>Evaluates the given expression in Python and returns the result.</doc>
<status status="PASS" start="2025-07-02T00:01:35.102124" elapsed="0.000268"/>
</kw>
<return>
<value>${data}</value>
<status status="PASS" start="2025-07-02T00:01:35.102434" elapsed="0.000021"/>
</return>
<msg time="2025-07-02T00:01:35.102538" level="INFO">${json} = {'user_login': {'email': 'user@example.com', 'password': 'password123'}, 'admin_login': {'email': 'admin@example.com', 'password': 'password123'}, 'user_valido': {'name': 'User Test', 'email': 'userTe...</msg>
<var>${json}</var>
<arg>json_auth.json</arg>
<status status="PASS" start="2025-07-02T00:01:35.101360" elapsed="0.001195"/>
</kw>
<kw name="Set Variable" owner="BuiltIn">
<msg time="2025-07-02T00:01:35.102941" level="INFO">${dados_login_user} = {'email': 'user@example.com', 'password': 'password123'}</msg>
<var>${dados_login_user}</var>
<arg>${json["user_login"]}</arg>
<doc>Returns the given values which can then be assigned to a variables.</doc>
<status status="PASS" start="2025-07-02T00:01:35.102632" elapsed="0.000328"/>
</kw>
<kw name="Set Test Variable" owner="BuiltIn">
<msg time="2025-07-02T00:01:35.103150" level="INFO">${dados_login_user} = {'email': 'user@example.com', 'password': 'password123'}</msg>
<arg>${dados_login_user}</arg>
<doc>Makes a variable available everywhere within the scope of the current test.</doc>
<status status="PASS" start="2025-07-02T00:01:35.103042" elapsed="0.000134"/>
</kw>
<status status="PASS" start="2025-07-02T00:01:35.101148" elapsed="0.002063"/>
</kw>
<kw name="POST endpoint /auth/Login" owner="authentication_keywords">
<kw name="POST On Session" owner="RequestsLibrary">
<msg time="2025-07-02T00:01:35.183303" level="INFO">POST Request : url=http://localhost:5000/api/v1/auth/login 
 path_url=/api/v1/auth/login 
 headers={'User-Agent': 'python-requests/2.32.3', 'Accept-Encoding': 'gzip, deflate', 'accept': 'application/json', 'Connection': 'keep-alive', 'Content-Type': 'application/json', 'Content-Length': '56'} 
 body=b'{"email": "user@example.com", "password": "password123"}' 
 </msg>
<msg time="2025-07-02T00:01:35.183362" level="INFO">POST Response : url=http://localhost:5000/api/v1/auth/login 
 status=200, reason=OK 
 headers={'X-Powered-By': 'Express', 'Access-Control-Allow-Origin': '*', 'Content-Type': 'application/json; charset=utf-8', 'Content-Length': '303', 'ETag': 'W/"12f-yUOGRR0L0cNIe7sMVPWULhLc24c"', 'Date': 'Wed, 02 Jul 2025 03:01:35 GMT', 'Connection': 'keep-alive', 'Keep-Alive': 'timeout=5'} 
 body={"success":true,"data":{"_id":"686467c06671646cb11ac3b0","name":"Regular User","email":"user@example.com","role":"user","token":"eyJhbGciOiJIUzI1NiIsInR5cCI6IkpXVCJ9.eyJpZCI6IjY4NjQ2N2MwNjY3MTY0NmNiMTFhYzNiMCIsImlhdCI6MTc1MTQyNTI5NSwiZXhwIjoxNzUxNTExNjk1fQ.IMT4fm2ofRnywTV9UwX3j0J0hrfaasX1oV2hxAISETM"}} 
 </msg>
<msg time="2025-07-02T00:01:35.183539" level="INFO">${resp} = &lt;Response [200]&gt;</msg>
<var>${resp}</var>
<arg>alias=${ALIAS_BASE}</arg>
<arg>url=/auth/login</arg>
<arg>json=&amp;{payload}</arg>
<arg>headers=${headers}</arg>
<doc>Sends a POST request on a previously created HTTP Session.</doc>
<status status="PASS" start="2025-07-02T00:01:35.103561" elapsed="0.080003"/>
</kw>
<kw name="Log" owner="BuiltIn">
<msg time="2025-07-02T00:01:35.184069" level="INFO">Response: {'success': True, 'data': {'_id': '686467c06671646cb11ac3b0', 'name': 'Regular User', 'email': 'user@example.com', 'role': 'user', 'token': 'eyJhbGciOiJIUzI1NiIsInR5cCI6IkpXVCJ9.eyJpZCI6IjY4NjQ2N2MwNjY3MTY0NmNiMTFhYzNiMCIsImlhdCI6MTc1MTQyNTI5NSwiZXhwIjoxNzUxNTExNjk1fQ.IMT4fm2ofRnywTV9UwX3j0J0hrfaasX1oV2hxAISETM'}}</msg>
<arg>Response: ${resp.json()}</arg>
<doc>Logs the given message with the given level.</doc>
<status status="PASS" start="2025-07-02T00:01:35.183694" elapsed="0.000415"/>
</kw>
<kw name="Set Test Variable" owner="BuiltIn">
<msg time="2025-07-02T00:01:35.184382" level="INFO">${resp} = &lt;Response [200]&gt;</msg>
<arg>${resp}</arg>
<doc>Makes a variable available everywhere within the scope of the current test.</doc>
<status status="PASS" start="2025-07-02T00:01:35.184250" elapsed="0.000165"/>
</kw>
<arg>${dados_login_user}</arg>
<status status="PASS" start="2025-07-02T00:01:35.103302" elapsed="0.081157"/>
</kw>
<kw name="Validar se o login foi realizado com sucesso" owner="authentication_keywords">
<kw name="Should Be True" owner="BuiltIn">
<arg>${resp.json()["success"]}</arg>
<doc>Fails if the given condition is not true.</doc>
<status status="PASS" start="2025-07-02T00:01:35.184771" elapsed="0.000257"/>
</kw>
<kw name="Should Not Be Empty" owner="BuiltIn">
<msg time="2025-07-02T00:01:35.185337" level="INFO">Length is 171.</msg>
<arg>${resp.json()["data"]["token"]}</arg>
<doc>Verifies that the given item is not empty.</doc>
<status status="PASS" start="2025-07-02T00:01:35.185107" elapsed="0.000259"/>
</kw>
<kw name="Log" owner="BuiltIn">
<msg time="2025-07-02T00:01:35.185677" level="INFO">success: True</msg>
<arg>success: ${resp.json()["success"]}</arg>
<doc>Logs the given message with the given level.</doc>
<status status="PASS" start="2025-07-02T00:01:35.185440" elapsed="0.000265"/>
</kw>
<kw name="Log" owner="BuiltIn">
<msg time="2025-07-02T00:01:35.186002" level="INFO">token: eyJhbGciOiJIUzI1NiIsInR5cCI6IkpXVCJ9.eyJpZCI6IjY4NjQ2N2MwNjY3MTY0NmNiMTFhYzNiMCIsImlhdCI6MTc1MTQyNTI5NSwiZXhwIjoxNzUxNTExNjk1fQ.IMT4fm2ofRnywTV9UwX3j0J0hrfaasX1oV2hxAISETM</msg>
<arg>token: ${resp.json()["data"]["token"]}</arg>
<doc>Logs the given message with the given level.</doc>
<status status="PASS" start="2025-07-02T00:01:35.185778" elapsed="0.000251"/>
</kw>
<status status="PASS" start="2025-07-02T00:01:35.184585" elapsed="0.001479"/>
</kw>
<kw name="Validar Status Code &quot;200&quot;" owner="common" source_name="Validar Status Code &quot;${statuscode}&quot;">
<kw name="Should Be True" owner="BuiltIn">
<arg>${resp.status_code} == ${statuscode}</arg>
<doc>Fails if the given condition is not true.</doc>
<status status="PASS" start="2025-07-02T00:01:35.186342" elapsed="0.000469"/>
</kw>
<kw name="Log" owner="BuiltIn">
<msg time="2025-07-02T00:01:35.186958" level="INFO">Status Code: 200</msg>
<arg>Status Code: ${statuscode}</arg>
<doc>Logs the given message with the given level.</doc>
<status status="PASS" start="2025-07-02T00:01:35.186888" elapsed="0.000096"/>
</kw>
<status status="PASS" start="2025-07-02T00:01:35.186155" elapsed="0.000862"/>
</kw>
<kw name="Set Variable" owner="BuiltIn">
<msg time="2025-07-02T00:01:35.187334" level="INFO">${auth_token} = eyJhbGciOiJIUzI1NiIsInR5cCI6IkpXVCJ9.eyJpZCI6IjY4NjQ2N2MwNjY3MTY0NmNiMTFhYzNiMCIsImlhdCI6MTc1MTQyNTI5NSwiZXhwIjoxNzUxNTExNjk1fQ.IMT4fm2ofRnywTV9UwX3j0J0hrfaasX1oV2hxAISETM</msg>
<var>${auth_token}</var>
<arg>${resp.json()["data"]["token"]}</arg>
<doc>Returns the given values which can then be assigned to a variables.</doc>
<status status="PASS" start="2025-07-02T00:01:35.187085" elapsed="0.000267"/>
</kw>
<kw name="Set Global Variable" owner="BuiltIn">
<msg time="2025-07-02T00:01:35.187546" level="INFO">${auth_token} = eyJhbGciOiJIUzI1NiIsInR5cCI6IkpXVCJ9.eyJpZCI6IjY4NjQ2N2MwNjY3MTY0NmNiMTFhYzNiMCIsImlhdCI6MTc1MTQyNTI5NSwiZXhwIjoxNzUxNTExNjk1fQ.IMT4fm2ofRnywTV9UwX3j0J0hrfaasX1oV2hxAISETM</msg>
<arg>${auth_token}</arg>
<doc>Makes a variable available globally in all tests and suites.</doc>
<status status="PASS" start="2025-07-02T00:01:35.187432" elapsed="0.000139"/>
</kw>
<kw name="Iniciar sessão" owner="base">
<kw name="Run Keyword If" owner="BuiltIn">
<kw name="Set To Dictionary" owner="Collections">
<arg>${headers}</arg>
<arg>Authorization=Bearer ${auth_token}</arg>
<doc>Adds the given ``key_value_pairs`` and/or ``items`` to the ``dictionary``.</doc>
<status status="PASS" start="2025-07-02T00:01:35.188156" elapsed="0.000109"/>
</kw>
<arg>'${auth_token}' != '${EMPTY}'</arg>
<arg>Set To Dictionary</arg>
<arg>${headers}</arg>
<arg>Authorization=Bearer ${auth_token}</arg>
<doc>Runs the given keyword with the given arguments, if ``condition`` is true.</doc>
<status status="PASS" start="2025-07-02T00:01:35.187837" elapsed="0.000461"/>
</kw>
<kw name="Create Session" owner="RequestsLibrary">
<msg time="2025-07-02T00:01:35.188524" level="INFO">Creating Session using : alias=Cinema App API, url=http://localhost:5000/api/v1, headers={'accept': 'application/json', 'Content-Type': 'application/json', 'Authorization': 'Bearer eyJhbGciOiJIUzI1NiIsInR5cCI6IkpXVCJ9.eyJpZCI6IjY4NjQ2N2MwNjY3MTY0NmNiMTFhYzNiMCIsImlhdCI6MTc1MTQyNTI5NSwiZXhwIjoxNzUxNTExNjk1fQ.IMT4fm2ofRnywTV9UwX3j0J0hrfaasX1oV2hxAISETM'},                     cookies={}, auth=None, timeout=None, proxies=None, verify=False,                     debug=0 </msg>
<arg>alias=${ALIAS_BASE}</arg>
<arg>url=${URL_BASE}</arg>
<arg>headers=${headers}</arg>
<doc>Create Session: create a HTTP session to a server</doc>
<status status="PASS" start="2025-07-02T00:01:35.188371" elapsed="0.000247"/>
</kw>
<status status="PASS" start="2025-07-02T00:01:35.187660" elapsed="0.000998"/>
</kw>
<status status="PASS" start="2025-07-02T00:01:35.100911" elapsed="0.087773"/>
</kw>
<kw name="GET endpoint /movies/id-movie" owner="movies_keywords">
<kw name="GET On Session" owner="RequestsLibrary">
<msg time="2025-07-02T00:01:35.232745" level="INFO">GET Request : url=http://localhost:5000/api/v1/movies/6864a10ff75602e326ad6200 
 path_url=/api/v1/movies/6864a10ff75602e326ad6200 
 headers={'User-Agent': 'python-requests/2.32.3', 'Accept-Encoding': 'gzip, deflate', 'accept': 'application/json', 'Connection': 'keep-alive', 'Content-Type': 'application/json', 'Authorization': 'Bearer eyJhbGciOiJIUzI1NiIsInR5cCI6IkpXVCJ9.eyJpZCI6IjY4NjQ2N2MwNjY3MTY0NmNiMTFhYzNiMCIsImlhdCI6MTc1MTQyNTI5NSwiZXhwIjoxNzUxNTExNjk1fQ.IMT4fm2ofRnywTV9UwX3j0J0hrfaasX1oV2hxAISETM'} 
 body=None 
 </msg>
<msg time="2025-07-02T00:01:35.232845" level="INFO">GET Response : url=http://localhost:5000/api/v1/movies/6864a10ff75602e326ad6200 
 status=200, reason=OK 
 headers={'X-Powered-By': 'Express', 'Access-Control-Allow-Origin': '*', 'Content-Type': 'application/json; charset=utf-8', 'Content-Length': '364', 'ETag': 'W/"16c-6JU5FFfxv6tTbOAlOx7Xd7tU8l8"', 'Date': 'Wed, 02 Jul 2025 03:01:35 GMT', 'Connection': 'keep-alive', 'Keep-Alive': 'timeout=5'} 
 body={"success":true,"data":{"_id":"6864a10ff75602e326ad6200","title":"Filme Para Teste","synopsis":"Sinopse do Filme","director":"Testador de Filme","genres":["Science Fiction"],"duration":200,"classification":"R","poster":"FilmePoster.png","releaseDate":"2025-06-30T00:00:00.000Z","createdAt":"2025-07-02T03:01:35.210Z","sessions":[],"id":"6864a10ff75602e326ad6200"}} 
 </msg>
<msg time="2025-07-02T00:01:35.232929" level="INFO">${resp} = &lt;Response [200]&gt;</msg>
<var>${resp}</var>
<arg>alias=${ALIAS_BASE}</arg>
<arg>url=/movies/${id}</arg>
<arg>headers=${headers}</arg>
<doc>Sends a GET request on a previously created HTTP Session.</doc>
<status status="PASS" start="2025-07-02T00:01:35.189154" elapsed="0.043797"/>
</kw>
<kw name="Log" owner="BuiltIn">
<msg time="2025-07-02T00:01:35.233426" level="INFO">Response: {'success': True, 'data': {'_id': '6864a10ff75602e326ad6200', 'title': 'Filme Para Teste', 'synopsis': 'Sinopse do Filme', 'director': 'Testador de Filme', 'genres': ['Science Fiction'], 'duration': 200, 'classification': 'R', 'poster': 'FilmePoster.png', 'releaseDate': '2025-06-30T00:00:00.000Z', 'createdAt': '2025-07-02T03:01:35.210Z', 'sessions': [], 'id': '6864a10ff75602e326ad6200'}}</msg>
<arg>Response: ${resp.json()}</arg>
<doc>Logs the given message with the given level.</doc>
<status status="PASS" start="2025-07-02T00:01:35.233062" elapsed="0.000402"/>
</kw>
<kw name="Set Test Variable" owner="BuiltIn">
<msg time="2025-07-02T00:01:35.233687" level="INFO">${resp} = &lt;Response [200]&gt;</msg>
<arg>${resp}</arg>
<doc>Makes a variable available everywhere within the scope of the current test.</doc>
<status status="PASS" start="2025-07-02T00:01:35.233567" elapsed="0.000152"/>
</kw>
<status status="PASS" start="2025-07-02T00:01:35.188891" elapsed="0.044864"/>
</kw>
<kw name="Validar se o filme foi detalhado corretamente" owner="movies_keywords">
<kw name="Should Be Equal" owner="BuiltIn">
<arg>${resp.json()["success"]}</arg>
<arg>${True}</arg>
<doc>Fails if the given objects are unequal.</doc>
<status status="PASS" start="2025-07-02T00:01:35.234313" elapsed="0.000377"/>
</kw>
<kw name="Should Be Equal" owner="BuiltIn">
<arg>${resp.json()["data"]["_id"]}</arg>
<arg>${id}</arg>
<doc>Fails if the given objects are unequal.</doc>
<status status="PASS" start="2025-07-02T00:01:35.234782" elapsed="0.000293"/>
</kw>
<kw name="Should Be Equal" owner="BuiltIn">
<arg>${resp.json()["data"]["title"]}</arg>
<arg>${title}</arg>
<doc>Fails if the given objects are unequal.</doc>
<status status="PASS" start="2025-07-02T00:01:35.235159" elapsed="0.000277"/>
</kw>
<kw name="Log" owner="BuiltIn">
<msg time="2025-07-02T00:01:35.235759" level="INFO">success: True</msg>
<arg>success: ${resp.json()["success"]}</arg>
<doc>Logs the given message with the given level.</doc>
<status status="PASS" start="2025-07-02T00:01:35.235517" elapsed="0.000271"/>
</kw>
<kw name="Log" owner="BuiltIn">
<msg time="2025-07-02T00:01:35.236094" level="INFO">_id: 6864a10ff75602e326ad6200</msg>
<arg>_id: ${resp.json()["data"]["_id"]}</arg>
<doc>Logs the given message with the given level.</doc>
<status status="PASS" start="2025-07-02T00:01:35.235862" elapsed="0.000260"/>
</kw>
<kw name="Log" owner="BuiltIn">
<msg time="2025-07-02T00:01:35.236422" level="INFO">title: Filme Para Teste</msg>
<arg>title: ${resp.json()["data"]["title"]}</arg>
<doc>Logs the given message with the given level.</doc>
<status status="PASS" start="2025-07-02T00:01:35.236193" elapsed="0.000256"/>
</kw>
<status status="PASS" start="2025-07-02T00:01:35.234017" elapsed="0.002468"/>
</kw>
<kw name="Validar Status Code &quot;200&quot;" owner="common" source_name="Validar Status Code &quot;${statuscode}&quot;">
<kw name="Should Be True" owner="BuiltIn">
<arg>${resp.status_code} == ${statuscode}</arg>
<doc>Fails if the given condition is not true.</doc>
<status status="PASS" start="2025-07-02T00:01:35.236898" elapsed="0.000614"/>
</kw>
<kw name="Log" owner="BuiltIn">
<msg time="2025-07-02T00:01:35.237695" level="INFO">Status Code: 200</msg>
<arg>Status Code: ${statuscode}</arg>
<doc>Logs the given message with the given level.</doc>
<status status="PASS" start="2025-07-02T00:01:35.237612" elapsed="0.000112"/>
</kw>
<status status="PASS" start="2025-07-02T00:01:35.236663" elapsed="0.001096"/>
</kw>
<kw name="Finalizar sessão" owner="base" type="TEARDOWN">
<kw name="Delete All Sessions" owner="RequestsLibrary">
<msg time="2025-07-02T00:01:35.238185" level="INFO">Deleting All Sessions</msg>
<doc>Removes all the session objects</doc>
<status status="PASS" start="2025-07-02T00:01:35.238144" elapsed="0.000088"/>
</kw>
<kw name="Log" owner="BuiltIn">
<msg time="2025-07-02T00:01:35.238352" level="INFO">Sessões encerradas.</msg>
<arg>Sessões encerradas.</arg>
<doc>Logs the given message with the given level.</doc>
<status status="PASS" start="2025-07-02T00:01:35.238301" elapsed="0.000078"/>
</kw>
<status status="PASS" start="2025-07-02T00:01:35.237954" elapsed="0.000458"/>
</kw>
<tag>ver_detalhes_filme</tag>
<status status="PASS" start="2025-07-02T00:01:34.879267" elapsed="0.359210"/>
</test>
<test id="s1-s2-t2" name="MOVIE-BE-006: Criar filme com dados inválidos" line="17">
<kw name="Iniciar sessão" owner="base" type="SETUP">
<kw name="Run Keyword If" owner="BuiltIn">
<kw name="Set To Dictionary" owner="Collections">
<arg>${headers}</arg>
<arg>Authorization=Bearer ${auth_token}</arg>
<doc>Adds the given ``key_value_pairs`` and/or ``items`` to the ``dictionary``.</doc>
<status status="PASS" start="2025-07-02T00:01:35.239417" elapsed="0.000129"/>
</kw>
<arg>'${auth_token}' != '${EMPTY}'</arg>
<arg>Set To Dictionary</arg>
<arg>${headers}</arg>
<arg>Authorization=Bearer ${auth_token}</arg>
<doc>Runs the given keyword with the given arguments, if ``condition`` is true.</doc>
<status status="PASS" start="2025-07-02T00:01:35.239094" elapsed="0.000490"/>
</kw>
<kw name="Create Session" owner="RequestsLibrary">
<msg time="2025-07-02T00:01:35.239862" level="INFO">Creating Session using : alias=Cinema App API, url=http://localhost:5000/api/v1, headers={'accept': 'application/json', 'Content-Type': 'application/json', 'Authorization': 'Bearer eyJhbGciOiJIUzI1NiIsInR5cCI6IkpXVCJ9.eyJpZCI6IjY4NjQ2N2MwNjY3MTY0NmNiMTFhYzNiMCIsImlhdCI6MTc1MTQyNTI5NSwiZXhwIjoxNzUxNTExNjk1fQ.IMT4fm2ofRnywTV9UwX3j0J0hrfaasX1oV2hxAISETM'},                     cookies={}, auth=None, timeout=None, proxies=None, verify=False,                     debug=0 </msg>
<arg>alias=${ALIAS_BASE}</arg>
<arg>url=${URL_BASE}</arg>
<arg>headers=${headers}</arg>
<doc>Create Session: create a HTTP session to a server</doc>
<status status="PASS" start="2025-07-02T00:01:35.239667" elapsed="0.000307"/>
</kw>
<status status="PASS" start="2025-07-02T00:01:35.238948" elapsed="0.001077"/>
</kw>
<kw name="Login usuário admin" owner="common">
<kw name="Payload login usuário admin" owner="common">
<kw name="Importar JSON static" owner="common">
<kw name="Get File" owner="OperatingSystem">
<msg time="2025-07-02T00:01:35.240784" level="INFO" html="true">Getting file '&lt;a href="file://C:\Users\raiqu\Desktop\Nero\Estágio\Challenge Final\Challenge Final\Testes automatizados API\support\fixtures\static\json_auth.json"&gt;C:\Users\raiqu\Desktop\Nero\Estágio\Challenge Final\Challenge Final\Testes automatizados API\support\fixtures\static\json_auth.json&lt;/a&gt;'.</msg>
<msg time="2025-07-02T00:01:35.241025" level="INFO">${arquivo} = {
    "user_login":{
        "email": "user@example.com",
        "password": "password123"
    },
    "admin_login":{
        "email": "admin@example.com",
        "password": "password123"
    },
  ...</msg>
<var>${arquivo}</var>
<arg>C:\\Users\\raiqu\\Desktop\\Nero\\Estágio\\Challenge Final\\Challenge Final\\Testes automatizados API\\support\\common/../../support/fixtures/static/${nome_arquivo}</arg>
<doc>Returns the contents of a specified file.</doc>
<status status="PASS" start="2025-07-02T00:01:35.240670" elapsed="0.000403"/>
</kw>
<kw name="Evaluate" owner="BuiltIn">
<msg time="2025-07-02T00:01:35.241333" level="INFO">${data} = {'user_login': {'email': 'user@example.com', 'password': 'password123'}, 'admin_login': {'email': 'admin@example.com', 'password': 'password123'}, 'user_valido': {'name': 'User Test', 'email': 'userTe...</msg>
<var>${data}</var>
<arg>json.loads('''${arquivo}''')</arg>
<arg>json</arg>
<doc>Evaluates the given expression in Python and returns the result.</doc>
<status status="PASS" start="2025-07-02T00:01:35.241162" elapsed="0.000191"/>
</kw>
<return>
<value>${data}</value>
<status status="PASS" start="2025-07-02T00:01:35.241389" elapsed="0.000025"/>
</return>
<msg time="2025-07-02T00:01:35.241496" level="INFO">${json} = {'user_login': {'email': 'user@example.com', 'password': 'password123'}, 'admin_login': {'email': 'admin@example.com', 'password': 'password123'}, 'user_valido': {'name': 'User Test', 'email': 'userTe...</msg>
<var>${json}</var>
<arg>json_auth.json</arg>
<status status="PASS" start="2025-07-02T00:01:35.240469" elapsed="0.001046"/>
</kw>
<kw name="Set Variable" owner="BuiltIn">
<msg time="2025-07-02T00:01:35.241844" level="INFO">${dados_login_admin} = {'email': 'admin@example.com', 'password': 'password123'}</msg>
<var>${dados_login_admin}</var>
<arg>${json["admin_login"]}</arg>
<doc>Returns the given values which can then be assigned to a variables.</doc>
<status status="PASS" start="2025-07-02T00:01:35.241590" elapsed="0.000272"/>
</kw>
<kw name="Set Test Variable" owner="BuiltIn">
<msg time="2025-07-02T00:01:35.242050" level="INFO">${dados_login_admin} = {'email': 'admin@example.com', 'password': 'password123'}</msg>
<arg>${dados_login_admin}</arg>
<doc>Makes a variable available everywhere within the scope of the current test.</doc>
<status status="PASS" start="2025-07-02T00:01:35.241941" elapsed="0.000135"/>
</kw>
<status status="PASS" start="2025-07-02T00:01:35.240326" elapsed="0.001784"/>
</kw>
<kw name="POST endpoint /auth/Login" owner="authentication_keywords">
<kw name="POST On Session" owner="RequestsLibrary">
<msg time="2025-07-02T00:01:35.320969" level="INFO">POST Request : url=http://localhost:5000/api/v1/auth/login 
 path_url=/api/v1/auth/login 
 headers={'User-Agent': 'python-requests/2.32.3', 'Accept-Encoding': 'gzip, deflate', 'accept': 'application/json', 'Connection': 'keep-alive', 'Content-Type': 'application/json', 'Authorization': 'Bearer eyJhbGciOiJIUzI1NiIsInR5cCI6IkpXVCJ9.eyJpZCI6IjY4NjQ2N2MwNjY3MTY0NmNiMTFhYzNiMCIsImlhdCI6MTc1MTQyNTI5NSwiZXhwIjoxNzUxNTExNjk1fQ.IMT4fm2ofRnywTV9UwX3j0J0hrfaasX1oV2hxAISETM', 'Content-Length': '57'} 
 body=b'{"email": "admin@example.com", "password": "password123"}' 
 </msg>
<msg time="2025-07-02T00:01:35.321034" level="INFO">POST Response : url=http://localhost:5000/api/v1/auth/login 
 status=200, reason=OK 
 headers={'X-Powered-By': 'Express', 'Access-Control-Allow-Origin': '*', 'Content-Type': 'application/json; charset=utf-8', 'Content-Length': '303', 'ETag': 'W/"12f-8Q3qNUrAueAYd4NJxZjFqCqlzn4"', 'Date': 'Wed, 02 Jul 2025 03:01:35 GMT', 'Connection': 'keep-alive', 'Keep-Alive': 'timeout=5'} 
 body={"success":true,"data":{"_id":"686467c06671646cb11ac3af","name":"Admin User","email":"admin@example.com","role":"admin","token":"eyJhbGciOiJIUzI1NiIsInR5cCI6IkpXVCJ9.eyJpZCI6IjY4NjQ2N2MwNjY3MTY0NmNiMTFhYzNhZiIsImlhdCI6MTc1MTQyNTI5NSwiZXhwIjoxNzUxNTExNjk1fQ.zEMLJ0H90MylZg5nvr9eBzh_crjny1C-oOmBKcNyuQo"}} 
 </msg>
<msg time="2025-07-02T00:01:35.321123" level="INFO">${resp} = &lt;Response [200]&gt;</msg>
<var>${resp}</var>
<arg>alias=${ALIAS_BASE}</arg>
<arg>url=/auth/login</arg>
<arg>json=&amp;{payload}</arg>
<arg>headers=${headers}</arg>
<doc>Sends a POST request on a previously created HTTP Session.</doc>
<status status="PASS" start="2025-07-02T00:01:35.242394" elapsed="0.078751"/>
</kw>
<kw name="Log" owner="BuiltIn">
<msg time="2025-07-02T00:01:35.321639" level="INFO">Response: {'success': True, 'data': {'_id': '686467c06671646cb11ac3af', 'name': 'Admin User', 'email': 'admin@example.com', 'role': 'admin', 'token': 'eyJhbGciOiJIUzI1NiIsInR5cCI6IkpXVCJ9.eyJpZCI6IjY4NjQ2N2MwNjY3MTY0NmNiMTFhYzNhZiIsImlhdCI6MTc1MTQyNTI5NSwiZXhwIjoxNzUxNTExNjk1fQ.zEMLJ0H90MylZg5nvr9eBzh_crjny1C-oOmBKcNyuQo'}}</msg>
<arg>Response: ${resp.json()}</arg>
<doc>Logs the given message with the given level.</doc>
<status status="PASS" start="2025-07-02T00:01:35.321275" elapsed="0.000402"/>
</kw>
<kw name="Set Test Variable" owner="BuiltIn">
<msg time="2025-07-02T00:01:35.321912" level="INFO">${resp} = &lt;Response [200]&gt;</msg>
<arg>${resp}</arg>
<doc>Makes a variable available everywhere within the scope of the current test.</doc>
<status status="PASS" start="2025-07-02T00:01:35.321783" elapsed="0.000155"/>
</kw>
<arg>${dados_login_admin}</arg>
<status status="PASS" start="2025-07-02T00:01:35.242198" elapsed="0.079779"/>
</kw>
<kw name="Validar se o login foi realizado com sucesso" owner="authentication_keywords">
<kw name="Should Be True" owner="BuiltIn">
<arg>${resp.json()["success"]}</arg>
<doc>Fails if the given condition is not true.</doc>
<status status="PASS" start="2025-07-02T00:01:35.322243" elapsed="0.000253"/>
</kw>
<kw name="Should Not Be Empty" owner="BuiltIn">
<msg time="2025-07-02T00:01:35.322802" level="INFO">Length is 171.</msg>
<arg>${resp.json()["data"]["token"]}</arg>
<doc>Verifies that the given item is not empty.</doc>
<status status="PASS" start="2025-07-02T00:01:35.322576" elapsed="0.000255"/>
</kw>
<kw name="Log" owner="BuiltIn">
<msg time="2025-07-02T00:01:35.323135" level="INFO">success: True</msg>
<arg>success: ${resp.json()["success"]}</arg>
<doc>Logs the given message with the given level.</doc>
<status status="PASS" start="2025-07-02T00:01:35.322905" elapsed="0.000258"/>
</kw>
<kw name="Log" owner="BuiltIn">
<msg time="2025-07-02T00:01:35.323453" level="INFO">token: eyJhbGciOiJIUzI1NiIsInR5cCI6IkpXVCJ9.eyJpZCI6IjY4NjQ2N2MwNjY3MTY0NmNiMTFhYzNhZiIsImlhdCI6MTc1MTQyNTI5NSwiZXhwIjoxNzUxNTExNjk1fQ.zEMLJ0H90MylZg5nvr9eBzh_crjny1C-oOmBKcNyuQo</msg>
<arg>token: ${resp.json()["data"]["token"]}</arg>
<doc>Logs the given message with the given level.</doc>
<status status="PASS" start="2025-07-02T00:01:35.323235" elapsed="0.000259"/>
</kw>
<status status="PASS" start="2025-07-02T00:01:35.322080" elapsed="0.001460"/>
</kw>
<kw name="Validar Status Code &quot;200&quot;" owner="common" source_name="Validar Status Code &quot;${statuscode}&quot;">
<kw name="Should Be True" owner="BuiltIn">
<arg>${resp.status_code} == ${statuscode}</arg>
<doc>Fails if the given condition is not true.</doc>
<status status="PASS" start="2025-07-02T00:01:35.323804" elapsed="0.000538"/>
</kw>
<kw name="Log" owner="BuiltIn">
<msg time="2025-07-02T00:01:35.324495" level="INFO">Status Code: 200</msg>
<arg>Status Code: ${statuscode}</arg>
<doc>Logs the given message with the given level.</doc>
<status status="PASS" start="2025-07-02T00:01:35.324419" elapsed="0.000105"/>
</kw>
<status status="PASS" start="2025-07-02T00:01:35.323637" elapsed="0.000921"/>
</kw>
<kw name="Set Variable" owner="BuiltIn">
<msg time="2025-07-02T00:01:35.324875" level="INFO">${auth_token} = eyJhbGciOiJIUzI1NiIsInR5cCI6IkpXVCJ9.eyJpZCI6IjY4NjQ2N2MwNjY3MTY0NmNiMTFhYzNhZiIsImlhdCI6MTc1MTQyNTI5NSwiZXhwIjoxNzUxNTExNjk1fQ.zEMLJ0H90MylZg5nvr9eBzh_crjny1C-oOmBKcNyuQo</msg>
<var>${auth_token}</var>
<arg>${resp.json()["data"]["token"]}</arg>
<doc>Returns the given values which can then be assigned to a variables.</doc>
<status status="PASS" start="2025-07-02T00:01:35.324626" elapsed="0.000267"/>
</kw>
<kw name="Set Global Variable" owner="BuiltIn">
<msg time="2025-07-02T00:01:35.325084" level="INFO">${auth_token} = eyJhbGciOiJIUzI1NiIsInR5cCI6IkpXVCJ9.eyJpZCI6IjY4NjQ2N2MwNjY3MTY0NmNiMTFhYzNhZiIsImlhdCI6MTc1MTQyNTI5NSwiZXhwIjoxNzUxNTExNjk1fQ.zEMLJ0H90MylZg5nvr9eBzh_crjny1C-oOmBKcNyuQo</msg>
<arg>${auth_token}</arg>
<doc>Makes a variable available globally in all tests and suites.</doc>
<status status="PASS" start="2025-07-02T00:01:35.324971" elapsed="0.000175"/>
</kw>
<kw name="Iniciar sessão" owner="base">
<kw name="Run Keyword If" owner="BuiltIn">
<kw name="Set To Dictionary" owner="Collections">
<arg>${headers}</arg>
<arg>Authorization=Bearer ${auth_token}</arg>
<doc>Adds the given ``key_value_pairs`` and/or ``items`` to the ``dictionary``.</doc>
<status status="PASS" start="2025-07-02T00:01:35.325715" elapsed="0.000111"/>
</kw>
<arg>'${auth_token}' != '${EMPTY}'</arg>
<arg>Set To Dictionary</arg>
<arg>${headers}</arg>
<arg>Authorization=Bearer ${auth_token}</arg>
<doc>Runs the given keyword with the given arguments, if ``condition`` is true.</doc>
<status status="PASS" start="2025-07-02T00:01:35.325396" elapsed="0.000466"/>
</kw>
<kw name="Create Session" owner="RequestsLibrary">
<msg time="2025-07-02T00:01:35.326082" level="INFO">Creating Session using : alias=Cinema App API, url=http://localhost:5000/api/v1, headers={'accept': 'application/json', 'Content-Type': 'application/json', 'Authorization': 'Bearer eyJhbGciOiJIUzI1NiIsInR5cCI6IkpXVCJ9.eyJpZCI6IjY4NjQ2N2MwNjY3MTY0NmNiMTFhYzNhZiIsImlhdCI6MTc1MTQyNTI5NSwiZXhwIjoxNzUxNTExNjk1fQ.zEMLJ0H90MylZg5nvr9eBzh_crjny1C-oOmBKcNyuQo'},                     cookies={}, auth=None, timeout=None, proxies=None, verify=False,                     debug=0 </msg>
<arg>alias=${ALIAS_BASE}</arg>
<arg>url=${URL_BASE}</arg>
<arg>headers=${headers}</arg>
<doc>Create Session: create a HTTP session to a server</doc>
<status status="PASS" start="2025-07-02T00:01:35.325936" elapsed="0.000238"/>
</kw>
<status status="PASS" start="2025-07-02T00:01:35.325239" elapsed="0.000976"/>
</kw>
<status status="PASS" start="2025-07-02T00:01:35.240173" elapsed="0.086069"/>
</kw>
<kw name="Payload criar filme com dados inválidos" owner="common">
<kw name="Importar JSON static" owner="common">
<kw name="Get File" owner="OperatingSystem">
<msg time="2025-07-02T00:01:35.330326" level="INFO" html="true">Getting file '&lt;a href="file://C:\Users\raiqu\Desktop\Nero\Estágio\Challenge Final\Challenge Final\Testes automatizados API\support\fixtures\static\json_movie.json"&gt;C:\Users\raiqu\Desktop\Nero\Estágio\Challenge Final\Challenge Final\Testes automatizados API\support\fixtures\static\json_movie.json&lt;/a&gt;'.</msg>
<msg time="2025-07-02T00:01:35.330573" level="INFO">${arquivo} = {
    "movie_valido": {
        "title": "Filme Para Teste",
        "synopsis": "Sinopse do Filme",
        "director": "Testador de Filme",
        "genres": [
            "Science Fiction"
        ...</msg>
<var>${arquivo}</var>
<arg>C:\\Users\\raiqu\\Desktop\\Nero\\Estágio\\Challenge Final\\Challenge Final\\Testes automatizados API\\support\\common/../../support/fixtures/static/${nome_arquivo}</arg>
<doc>Returns the contents of a specified file.</doc>
<status status="PASS" start="2025-07-02T00:01:35.330218" elapsed="0.000378"/>
</kw>
<kw name="Evaluate" owner="BuiltIn">
<msg time="2025-07-02T00:01:35.330867" level="INFO">${data} = {'movie_valido': {'title': 'Filme Para Teste', 'synopsis': 'Sinopse do Filme', 'director': 'Testador de Filme', 'genres': ['Science Fiction'], 'duration': 200, 'classification': 'R', 'poster': 'FilmeP...</msg>
<var>${data}</var>
<arg>json.loads('''${arquivo}''')</arg>
<arg>json</arg>
<doc>Evaluates the given expression in Python and returns the result.</doc>
<status status="PASS" start="2025-07-02T00:01:35.330682" elapsed="0.000206"/>
</kw>
<return>
<value>${data}</value>
<status status="PASS" start="2025-07-02T00:01:35.330924" elapsed="0.000023"/>
</return>
<msg time="2025-07-02T00:01:35.331032" level="INFO">${json} = {'movie_valido': {'title': 'Filme Para Teste', 'synopsis': 'Sinopse do Filme', 'director': 'Testador de Filme', 'genres': ['Science Fiction'], 'duration': 200, 'classification': 'R', 'poster': 'FilmeP...</msg>
<var>${json}</var>
<arg>json_movie.json</arg>
<status status="PASS" start="2025-07-02T00:01:35.326652" elapsed="0.004397"/>
</kw>
<kw name="Set Variable" owner="BuiltIn">
<msg time="2025-07-02T00:01:35.331389" level="INFO">${dados_movie_inv} = {'title': '', 'synopsis': 'Filme Inválido', 'director': '', 'genres': ['Invalid Genre'], 'duration': 0, 'classification': '', 'poster': 'invalidPoster', 'releaseDate': '2025-06-30'}</msg>
<var>${dados_movie_inv}</var>
<arg>${json["movie_inv"]}</arg>
<doc>Returns the given values which can then be assigned to a variables.</doc>
<status status="PASS" start="2025-07-02T00:01:35.331123" elapsed="0.000285"/>
</kw>
<kw name="Set Test Variable" owner="BuiltIn">
<msg time="2025-07-02T00:01:35.331594" level="INFO">${dados_movie_inv} = {'title': '', 'synopsis': 'Filme Inválido', 'director': '', 'genres': ['Invalid Genre'], 'duration': 0, 'classification': '', 'poster': 'invalidPoster', 'releaseDate': '2025-06-30'}</msg>
<arg>${dados_movie_inv}</arg>
<doc>Makes a variable available everywhere within the scope of the current test.</doc>
<status status="PASS" start="2025-07-02T00:01:35.331491" elapsed="0.000130"/>
</kw>
<status status="PASS" start="2025-07-02T00:01:35.326451" elapsed="0.005203"/>
</kw>
<kw name="POST endpoint /movies com dados inválidos" owner="movies_keywords">
<kw name="POST On Session" owner="RequestsLibrary">
<msg time="2025-07-02T00:01:35.356786" level="INFO">POST Request : url=http://localhost:5000/api/v1/movies 
 path_url=/api/v1/movies 
 headers={'User-Agent': 'python-requests/2.32.3', 'Accept-Encoding': 'gzip, deflate', 'accept': 'application/json', 'Connection': 'keep-alive', 'Content-Type': 'application/json', 'Authorization': 'Bearer eyJhbGciOiJIUzI1NiIsInR5cCI6IkpXVCJ9.eyJpZCI6IjY4NjQ2N2MwNjY3MTY0NmNiMTFhYzNhZiIsImlhdCI6MTc1MTQyNTI5NSwiZXhwIjoxNzUxNTExNjk1fQ.zEMLJ0H90MylZg5nvr9eBzh_crjny1C-oOmBKcNyuQo', 'Content-Length': '186'} 
 body=b'{"title": "", "synopsis": "Filme Inv\\u00e1lido", "director": "", "genres": ["Invalid Genre"], "duration": 0, "classification": "", "poster": "invalidPoster", "releaseDate": "2025-06-30"}' 
 </msg>
<msg time="2025-07-02T00:01:35.356839" level="INFO">POST Response : url=http://localhost:5000/api/v1/movies 
 status=400, reason=Bad Request 
 headers={'X-Powered-By': 'Express', 'Access-Control-Allow-Origin': '*', 'Content-Type': 'application/json; charset=utf-8', 'Content-Length': '170', 'ETag': 'W/"aa-xJdwVBQdk1hqVWLIdq6hF9+kr5E"', 'Date': 'Wed, 02 Jul 2025 03:01:35 GMT', 'Connection': 'keep-alive', 'Keep-Alive': 'timeout=5'} 
 body={"success":false,"message":"Validation failed","errors":{"title":"Title is required","director":"Director is required","classification":"Age classification is required"}} 
 </msg>
<msg time="2025-07-02T00:01:35.356913" level="INFO">${resp} = &lt;Response [400]&gt;</msg>
<var>${resp}</var>
<arg>alias=${ALIAS_BASE}</arg>
<arg>url=/movies</arg>
<arg>json=&amp;{payload}</arg>
<arg>headers=${headers}</arg>
<arg>expected_status=${status_code_desejado}</arg>
<doc>Sends a POST request on a previously created HTTP Session.</doc>
<status status="PASS" start="2025-07-02T00:01:35.332107" elapsed="0.024826"/>
</kw>
<kw name="Log" owner="BuiltIn">
<msg time="2025-07-02T00:01:35.357344" level="INFO">Response: {'success': False, 'message': 'Validation failed', 'errors': {'title': 'Title is required', 'director': 'Director is required', 'classification': 'Age classification is required'}}</msg>
<arg>Response: ${resp.json()}</arg>
<doc>Logs the given message with the given level.</doc>
<status status="PASS" start="2025-07-02T00:01:35.357038" elapsed="0.000339"/>
</kw>
<kw name="Set Test Variable" owner="BuiltIn">
<msg time="2025-07-02T00:01:35.357568" level="INFO">${resp} = &lt;Response [400]&gt;</msg>
<arg>${resp}</arg>
<doc>Makes a variable available everywhere within the scope of the current test.</doc>
<status status="PASS" start="2025-07-02T00:01:35.357466" elapsed="0.000129"/>
</kw>
<status status="PASS" start="2025-07-02T00:01:35.331850" elapsed="0.025782"/>
</kw>
<kw name="Validar se retorna mensagem informando que os dados são inválidos para criar o filme" owner="movies_keywords">
<kw name="Should Be Equal" owner="BuiltIn">
<arg>${resp.json()["success"]}</arg>
<arg>${False}</arg>
<doc>Fails if the given objects are unequal.</doc>
<status status="PASS" start="2025-07-02T00:01:35.358038" elapsed="0.000301"/>
</kw>
<kw name="Should Be Equal" owner="BuiltIn">
<arg>${resp.json()["message"]}</arg>
<arg>Validation failed</arg>
<doc>Fails if the given objects are unequal.</doc>
<status status="PASS" start="2025-07-02T00:01:35.358424" elapsed="0.000257"/>
</kw>
<kw name="Should Not Be Empty" owner="BuiltIn">
<msg time="2025-07-02T00:01:35.358982" level="INFO">Length is 3.</msg>
<arg>${resp.json()["errors"]}</arg>
<doc>Verifies that the given item is not empty.</doc>
<status status="PASS" start="2025-07-02T00:01:35.358760" elapsed="0.000250"/>
</kw>
<kw name="Log" owner="BuiltIn">
<msg time="2025-07-02T00:01:35.359314" level="INFO">success: False</msg>
<arg>success: ${resp.json()["success"]}</arg>
<doc>Logs the given message with the given level.</doc>
<status status="PASS" start="2025-07-02T00:01:35.359082" elapsed="0.000277"/>
</kw>
<kw name="Log" owner="BuiltIn">
<msg time="2025-07-02T00:01:35.359701" level="INFO">message: Validation failed</msg>
<arg>message: ${resp.json()["message"]}</arg>
<doc>Logs the given message with the given level.</doc>
<status status="PASS" start="2025-07-02T00:01:35.359444" elapsed="0.000287"/>
</kw>
<kw name="Log" owner="BuiltIn">
<msg time="2025-07-02T00:01:35.360051" level="INFO">errors: {'title': 'Title is required', 'director': 'Director is required', 'classification': 'Age classification is required'}</msg>
<arg>errors: ${resp.json()["errors"]}</arg>
<doc>Logs the given message with the given level.</doc>
<status status="PASS" start="2025-07-02T00:01:35.359808" elapsed="0.000273"/>
</kw>
<status status="PASS" start="2025-07-02T00:01:35.357816" elapsed="0.002303"/>
</kw>
<kw name="Validar Status Code &quot;400&quot;" owner="common" source_name="Validar Status Code &quot;${statuscode}&quot;">
<kw name="Should Be True" owner="BuiltIn">
<arg>${resp.status_code} == ${statuscode}</arg>
<doc>Fails if the given condition is not true.</doc>
<status status="PASS" start="2025-07-02T00:01:35.360459" elapsed="0.000482"/>
</kw>
<kw name="Log" owner="BuiltIn">
<msg time="2025-07-02T00:01:35.361097" level="INFO">Status Code: 400</msg>
<arg>Status Code: ${statuscode}</arg>
<doc>Logs the given message with the given level.</doc>
<status status="PASS" start="2025-07-02T00:01:35.361023" elapsed="0.000101"/>
</kw>
<status status="PASS" start="2025-07-02T00:01:35.360262" elapsed="0.000896"/>
</kw>
<kw name="Finalizar sessão" owner="base" type="TEARDOWN">
<kw name="Delete All Sessions" owner="RequestsLibrary">
<msg time="2025-07-02T00:01:35.361585" level="INFO">Deleting All Sessions</msg>
<doc>Removes all the session objects</doc>
<status status="PASS" start="2025-07-02T00:01:35.361543" elapsed="0.000086"/>
</kw>
<kw name="Log" owner="BuiltIn">
<msg time="2025-07-02T00:01:35.361751" level="INFO">Sessões encerradas.</msg>
<arg>Sessões encerradas.</arg>
<doc>Logs the given message with the given level.</doc>
<status status="PASS" start="2025-07-02T00:01:35.361701" elapsed="0.000077"/>
</kw>
<status status="PASS" start="2025-07-02T00:01:35.361360" elapsed="0.000451"/>
</kw>
<tag>criar_movie_inv</tag>
<status status="PASS" start="2025-07-02T00:01:35.238693" elapsed="0.123182"/>
</test>
<doc>Cenários de testes candidatos à automação para o módulo de "Movies"</doc>
<status status="PASS" start="2025-07-02T00:01:34.871955" elapsed="0.490229"/>
</suite>
<suite id="s1-s3" name="Reservations Tests" source="C:\Users\raiqu\Desktop\Nero\Estágio\Challenge Final\Challenge Final\Testes automatizados API\tests\reservations_tests.robot">
<test id="s1-s3-t1" name="RESERVATIONS-BE-004: Criar nova reserva" line="10">
<kw name="Iniciar sessão" owner="base" type="SETUP">
<kw name="Run Keyword If" owner="BuiltIn">
<kw name="Set To Dictionary" owner="Collections">
<arg>${headers}</arg>
<arg>Authorization=Bearer ${auth_token}</arg>
<doc>Adds the given ``key_value_pairs`` and/or ``items`` to the ``dictionary``.</doc>
<status status="PASS" start="2025-07-02T00:01:35.372599" elapsed="0.000120"/>
</kw>
<arg>'${auth_token}' != '${EMPTY}'</arg>
<arg>Set To Dictionary</arg>
<arg>${headers}</arg>
<arg>Authorization=Bearer ${auth_token}</arg>
<doc>Runs the given keyword with the given arguments, if ``condition`` is true.</doc>
<status status="PASS" start="2025-07-02T00:01:35.372235" elapsed="0.000523"/>
</kw>
<kw name="Create Session" owner="RequestsLibrary">
<msg time="2025-07-02T00:01:35.372994" level="INFO">Creating Session using : alias=Cinema App API, url=http://localhost:5000/api/v1, headers={'accept': 'application/json', 'Content-Type': 'application/json', 'Authorization': 'Bearer eyJhbGciOiJIUzI1NiIsInR5cCI6IkpXVCJ9.eyJpZCI6IjY4NjQ2N2MwNjY3MTY0NmNiMTFhYzNhZiIsImlhdCI6MTc1MTQyNTI5NSwiZXhwIjoxNzUxNTExNjk1fQ.zEMLJ0H90MylZg5nvr9eBzh_crjny1C-oOmBKcNyuQo'},                     cookies={}, auth=None, timeout=None, proxies=None, verify=False,                     debug=0 </msg>
<arg>alias=${ALIAS_BASE}</arg>
<arg>url=${URL_BASE}</arg>
<arg>headers=${headers}</arg>
<doc>Create Session: create a HTTP session to a server</doc>
<status status="PASS" start="2025-07-02T00:01:35.372838" elapsed="0.000254"/>
</kw>
<status status="PASS" start="2025-07-02T00:01:35.372044" elapsed="0.001089"/>
</kw>
<kw name="Reset session from database" owner="common">
<kw name="Payload criar filme com dados válidos" owner="common">
<kw name="Importar JSON static" owner="common">
<kw name="Get File" owner="OperatingSystem">
<msg time="2025-07-02T00:01:35.373876" level="INFO" html="true">Getting file '&lt;a href="file://C:\Users\raiqu\Desktop\Nero\Estágio\Challenge Final\Challenge Final\Testes automatizados API\support\fixtures\static\json_movie.json"&gt;C:\Users\raiqu\Desktop\Nero\Estágio\Challenge Final\Challenge Final\Testes automatizados API\support\fixtures\static\json_movie.json&lt;/a&gt;'.</msg>
<msg time="2025-07-02T00:01:35.374080" level="INFO">${arquivo} = {
    "movie_valido": {
        "title": "Filme Para Teste",
        "synopsis": "Sinopse do Filme",
        "director": "Testador de Filme",
        "genres": [
            "Science Fiction"
        ...</msg>
<var>${arquivo}</var>
<arg>C:\\Users\\raiqu\\Desktop\\Nero\\Estágio\\Challenge Final\\Challenge Final\\Testes automatizados API\\support\\common/../../support/fixtures/static/${nome_arquivo}</arg>
<doc>Returns the contents of a specified file.</doc>
<status status="PASS" start="2025-07-02T00:01:35.373783" elapsed="0.000319"/>
</kw>
<kw name="Evaluate" owner="BuiltIn">
<msg time="2025-07-02T00:01:35.374366" level="INFO">${data} = {'movie_valido': {'title': 'Filme Para Teste', 'synopsis': 'Sinopse do Filme', 'director': 'Testador de Filme', 'genres': ['Science Fiction'], 'duration': 200, 'classification': 'R', 'poster': 'FilmeP...</msg>
<var>${data}</var>
<arg>json.loads('''${arquivo}''')</arg>
<arg>json</arg>
<doc>Evaluates the given expression in Python and returns the result.</doc>
[...]
<arg>${user_name}</arg>
<status status="PASS" start="2025-07-02T00:01:37.878193" elapsed="0.052871"/>
</kw>
<kw name="Inserir user no banco e pegar ID" owner="common">
<kw name="Insert user from database" owner="database">
<msg time="2025-07-02T00:01:38.148501" level="INFO">User inserted with ID: 6864a112f75602e326ad6204</msg>
<msg time="2025-07-02T00:01:38.148586" level="INFO">${user_id} = 6864a112f75602e326ad6204</msg>
<var>${user_id}</var>
<arg>${user_data}</arg>
<status status="PASS" start="2025-07-02T00:01:37.931443" elapsed="0.217162"/>
</kw>
<kw name="Set Test Variable" owner="BuiltIn">
<msg time="2025-07-02T00:01:38.148858" level="INFO">${user_id} = 6864a112f75602e326ad6204</msg>
<arg>${user_id}</arg>
<doc>Makes a variable available everywhere within the scope of the current test.</doc>
<status status="PASS" start="2025-07-02T00:01:38.148728" elapsed="0.000158"/>
</kw>
<kw name="Log" owner="BuiltIn">
<msg time="2025-07-02T00:01:38.149049" level="INFO">User inserted with ID: 6864a112f75602e326ad6204</msg>
<arg>User inserted with ID: ${user_id}</arg>
<doc>Logs the given message with the given level.</doc>
<status status="PASS" start="2025-07-02T00:01:38.148966" elapsed="0.000111"/>
</kw>
<return>
<value>${user_id}</value>
<status status="PASS" start="2025-07-02T00:01:38.149109" elapsed="0.000027"/>
</return>
<msg time="2025-07-02T00:01:38.149219" level="INFO">${user_id} = 6864a112f75602e326ad6204</msg>
<var>${user_id}</var>
<arg>${dados_registro_valido}</arg>
<status status="PASS" start="2025-07-02T00:01:37.931206" elapsed="0.218030"/>
</kw>
<kw name="Set Test Variable" owner="BuiltIn">
<msg time="2025-07-02T00:01:38.149405" level="INFO">${user_id} = 6864a112f75602e326ad6204</msg>
<arg>${user_id}</arg>
<doc>Makes a variable available everywhere within the scope of the current test.</doc>
<status status="PASS" start="2025-07-02T00:01:38.149314" elapsed="0.000117"/>
</kw>
<status status="PASS" start="2025-07-02T00:01:37.876068" elapsed="0.273396"/>
</kw>
<kw name="Login usuário admin" owner="common">
<kw name="Payload login usuário admin" owner="common">
<kw name="Importar JSON static" owner="common">
<kw name="Get File" owner="OperatingSystem">
<msg time="2025-07-02T00:01:38.150435" level="INFO" html="true">Getting file '&lt;a href="file://C:\Users\raiqu\Desktop\Nero\Estágio\Challenge Final\Challenge Final\Testes automatizados API\support\fixtures\static\json_auth.json"&gt;C:\Users\raiqu\Desktop\Nero\Estágio\Challenge Final\Challenge Final\Testes automatizados API\support\fixtures\static\json_auth.json&lt;/a&gt;'.</msg>
<msg time="2025-07-02T00:01:38.150709" level="INFO">${arquivo} = {
    "user_login":{
        "email": "user@example.com",
        "password": "password123"
    },
    "admin_login":{
        "email": "admin@example.com",
        "password": "password123"
    },
  ...</msg>
<var>${arquivo}</var>
<arg>C:\\Users\\raiqu\\Desktop\\Nero\\Estágio\\Challenge Final\\Challenge Final\\Testes automatizados API\\support\\common/../../support/fixtures/static/${nome_arquivo}</arg>
<doc>Returns the contents of a specified file.</doc>
<status status="PASS" start="2025-07-02T00:01:38.150330" elapsed="0.000401"/>
</kw>
<kw name="Evaluate" owner="BuiltIn">
<msg time="2025-07-02T00:01:38.151014" level="INFO">${data} = {'user_login': {'email': 'user@example.com', 'password': 'password123'}, 'admin_login': {'email': 'admin@example.com', 'password': 'password123'}, 'user_valido': {'name': 'User Test', 'email': 'userTe...</msg>
<var>${data}</var>
<arg>json.loads('''${arquivo}''')</arg>
<arg>json</arg>
<doc>Evaluates the given expression in Python and returns the result.</doc>
<status status="PASS" start="2025-07-02T00:01:38.150819" elapsed="0.000214"/>
</kw>
<return>
<value>${data}</value>
<status status="PASS" start="2025-07-02T00:01:38.151067" elapsed="0.000021"/>
</return>
<msg time="2025-07-02T00:01:38.151165" level="INFO">${json} = {'user_login': {'email': 'user@example.com', 'password': 'password123'}, 'admin_login': {'email': 'admin@example.com', 'password': 'password123'}, 'user_valido': {'name': 'User Test', 'email': 'userTe...</msg>
<var>${json}</var>
<arg>json_auth.json</arg>
<status status="PASS" start="2025-07-02T00:01:38.150152" elapsed="0.001030"/>
</kw>
<kw name="Set Variable" owner="BuiltIn">
<msg time="2025-07-02T00:01:38.151537" level="INFO">${dados_login_admin} = {'email': 'admin@example.com', 'password': 'password123'}</msg>
<var>${dados_login_admin}</var>
<arg>${json["admin_login"]}</arg>
<doc>Returns the given values which can then be assigned to a variables.</doc>
<status status="PASS" start="2025-07-02T00:01:38.151258" elapsed="0.000299"/>
</kw>
<kw name="Set Test Variable" owner="BuiltIn">
<msg time="2025-07-02T00:01:38.151743" level="INFO">${dados_login_admin} = {'email': 'admin@example.com', 'password': 'password123'}</msg>
<arg>${dados_login_admin}</arg>
<doc>Makes a variable available everywhere within the scope of the current test.</doc>
<status status="PASS" start="2025-07-02T00:01:38.151636" elapsed="0.000131"/>
</kw>
<status status="PASS" start="2025-07-02T00:01:38.149959" elapsed="0.001842"/>
</kw>
<kw name="POST endpoint /auth/Login" owner="authentication_keywords">
<kw name="POST On Session" owner="RequestsLibrary">
<msg time="2025-07-02T00:01:38.232567" level="INFO">POST Request : url=http://localhost:5000/api/v1/auth/login 
 path_url=/api/v1/auth/login 
 headers={'User-Agent': 'python-requests/2.32.3', 'Accept-Encoding': 'gzip, deflate', 'accept': 'application/json', 'Connection': 'keep-alive', 'Content-Type': 'application/json', 'Authorization': 'Bearer eyJhbGciOiJIUzI1NiIsInR5cCI6IkpXVCJ9.eyJpZCI6IjY4NjQ2N2MwNjY3MTY0NmNiMTFhYzNhZiIsImlhdCI6MTc1MTQyNTI5NywiZXhwIjoxNzUxNTExNjk3fQ.tDzLAdB2gxZ70_TkdA71Gq0a-zMsdOPDJreKuUI77kE', 'Content-Length': '57'} 
 body=b'{"email": "admin@example.com", "password": "password123"}' 
 </msg>
<msg time="2025-07-02T00:01:38.232645" level="INFO">POST Response : url=http://localhost:5000/api/v1/auth/login 
 status=200, reason=OK 
 headers={'X-Powered-By': 'Express', 'Access-Control-Allow-Origin': '*', 'Content-Type': 'application/json; charset=utf-8', 'Content-Length': '303', 'ETag': 'W/"12f-o3KgKhFDcpN6xOb39sS9tfF/2ak"', 'Date': 'Wed, 02 Jul 2025 03:01:38 GMT', 'Connection': 'keep-alive', 'Keep-Alive': 'timeout=5'} 
 body={"success":true,"data":{"_id":"686467c06671646cb11ac3af","name":"Admin User","email":"admin@example.com","role":"admin","token":"eyJhbGciOiJIUzI1NiIsInR5cCI6IkpXVCJ9.eyJpZCI6IjY4NjQ2N2MwNjY3MTY0NmNiMTFhYzNhZiIsImlhdCI6MTc1MTQyNTI5OCwiZXhwIjoxNzUxNTExNjk4fQ.AYhTTyY7giVkE_s0MizAg-6Tg-4QMnJiJbC63XJkhBs"}} 
 </msg>
<msg time="2025-07-02T00:01:38.232902" level="INFO">${resp} = &lt;Response [200]&gt;</msg>
<var>${resp}</var>
<arg>alias=${ALIAS_BASE}</arg>
<arg>url=/auth/login</arg>
<arg>json=&amp;{payload}</arg>
<arg>headers=${headers}</arg>
<doc>Sends a POST request on a previously created HTTP Session.</doc>
<status status="PASS" start="2025-07-02T00:01:38.152093" elapsed="0.080837"/>
</kw>
<kw name="Log" owner="BuiltIn">
<msg time="2025-07-02T00:01:38.233516" level="INFO">Response: {'success': True, 'data': {'_id': '686467c06671646cb11ac3af', 'name': 'Admin User', 'email': 'admin@example.com', 'role': 'admin', 'token': 'eyJhbGciOiJIUzI1NiIsInR5cCI6IkpXVCJ9.eyJpZCI6IjY4NjQ2N2MwNjY3MTY0NmNiMTFhYzNhZiIsImlhdCI6MTc1MTQyNTI5OCwiZXhwIjoxNzUxNTExNjk4fQ.AYhTTyY7giVkE_s0MizAg-6Tg-4QMnJiJbC63XJkhBs'}}</msg>
<arg>Response: ${resp.json()}</arg>
<doc>Logs the given message with the given level.</doc>
<status status="PASS" start="2025-07-02T00:01:38.233108" elapsed="0.000443"/>
</kw>
<kw name="Set Test Variable" owner="BuiltIn">
<msg time="2025-07-02T00:01:38.233770" level="INFO">${resp} = &lt;Response [200]&gt;</msg>
<arg>${resp}</arg>
<doc>Makes a variable available everywhere within the scope of the current test.</doc>
<status status="PASS" start="2025-07-02T00:01:38.233653" elapsed="0.000144"/>
</kw>
<arg>${dados_login_admin}</arg>
<status status="PASS" start="2025-07-02T00:01:38.151888" elapsed="0.081950"/>
</kw>
<kw name="Validar se o login foi realizado com sucesso" owner="authentication_keywords">
<kw name="Should Be True" owner="BuiltIn">
<arg>${resp.json()["success"]}</arg>
<doc>Fails if the given condition is not true.</doc>
<status status="PASS" start="2025-07-02T00:01:38.234148" elapsed="0.000274"/>
</kw>
<kw name="Should Not Be Empty" owner="BuiltIn">
<msg time="2025-07-02T00:01:38.234734" level="INFO">Length is 171.</msg>
<arg>${resp.json()["data"]["token"]}</arg>
<doc>Verifies that the given item is not empty.</doc>
<status status="PASS" start="2025-07-02T00:01:38.234502" elapsed="0.000261"/>
</kw>
<kw name="Log" owner="BuiltIn">
<msg time="2025-07-02T00:01:38.235082" level="INFO">success: True</msg>
<arg>success: ${resp.json()["success"]}</arg>
<doc>Logs the given message with the given level.</doc>
<status status="PASS" start="2025-07-02T00:01:38.234840" elapsed="0.000271"/>
</kw>
<kw name="Log" owner="BuiltIn">
<msg time="2025-07-02T00:01:38.235411" level="INFO">token: eyJhbGciOiJIUzI1NiIsInR5cCI6IkpXVCJ9.eyJpZCI6IjY4NjQ2N2MwNjY3MTY0NmNiMTFhYzNhZiIsImlhdCI6MTc1MTQyNTI5OCwiZXhwIjoxNzUxNTExNjk4fQ.AYhTTyY7giVkE_s0MizAg-6Tg-4QMnJiJbC63XJkhBs</msg>
<arg>token: ${resp.json()["data"]["token"]}</arg>
<doc>Logs the given message with the given level.</doc>
<status status="PASS" start="2025-07-02T00:01:38.235184" elapsed="0.000256"/>
</kw>
<status status="PASS" start="2025-07-02T00:01:38.233961" elapsed="0.001515"/>
</kw>
<kw name="Validar Status Code &quot;200&quot;" owner="common" source_name="Validar Status Code &quot;${statuscode}&quot;">
<kw name="Should Be True" owner="BuiltIn">
<arg>${resp.status_code} == ${statuscode}</arg>
<doc>Fails if the given condition is not true.</doc>
<status status="PASS" start="2025-07-02T00:01:38.235756" elapsed="0.000484"/>
</kw>
<kw name="Log" owner="BuiltIn">
<msg time="2025-07-02T00:01:38.236391" level="INFO">Status Code: 200</msg>
<arg>Status Code: ${statuscode}</arg>
<doc>Logs the given message with the given level.</doc>
<status status="PASS" start="2025-07-02T00:01:38.236319" elapsed="0.000099"/>
</kw>
<status status="PASS" start="2025-07-02T00:01:38.235573" elapsed="0.000877"/>
</kw>
<kw name="Set Variable" owner="BuiltIn">
<msg time="2025-07-02T00:01:38.236766" level="INFO">${auth_token} = eyJhbGciOiJIUzI1NiIsInR5cCI6IkpXVCJ9.eyJpZCI6IjY4NjQ2N2MwNjY3MTY0NmNiMTFhYzNhZiIsImlhdCI6MTc1MTQyNTI5OCwiZXhwIjoxNzUxNTExNjk4fQ.AYhTTyY7giVkE_s0MizAg-6Tg-4QMnJiJbC63XJkhBs</msg>
<var>${auth_token}</var>
<arg>${resp.json()["data"]["token"]}</arg>
<doc>Returns the given values which can then be assigned to a variables.</doc>
<status status="PASS" start="2025-07-02T00:01:38.236518" elapsed="0.000266"/>
</kw>
<kw name="Set Global Variable" owner="BuiltIn">
<msg time="2025-07-02T00:01:38.236979" level="INFO">${auth_token} = eyJhbGciOiJIUzI1NiIsInR5cCI6IkpXVCJ9.eyJpZCI6IjY4NjQ2N2MwNjY3MTY0NmNiMTFhYzNhZiIsImlhdCI6MTc1MTQyNTI5OCwiZXhwIjoxNzUxNTExNjk4fQ.AYhTTyY7giVkE_s0MizAg-6Tg-4QMnJiJbC63XJkhBs</msg>
<arg>${auth_token}</arg>
<doc>Makes a variable available globally in all tests and suites.</doc>
<status status="PASS" start="2025-07-02T00:01:38.236863" elapsed="0.000141"/>
</kw>
<kw name="Iniciar sessão" owner="base">
<kw name="Run Keyword If" owner="BuiltIn">
<kw name="Set To Dictionary" owner="Collections">
<arg>${headers}</arg>
<arg>Authorization=Bearer ${auth_token}</arg>
<doc>Adds the given ``key_value_pairs`` and/or ``items`` to the ``dictionary``.</doc>
<status status="PASS" start="2025-07-02T00:01:38.237575" elapsed="0.000109"/>
</kw>
<arg>'${auth_token}' != '${EMPTY}'</arg>
<arg>Set To Dictionary</arg>
<arg>${headers}</arg>
<arg>Authorization=Bearer ${auth_token}</arg>
<doc>Runs the given keyword with the given arguments, if ``condition`` is true.</doc>
<status status="PASS" start="2025-07-02T00:01:38.237260" elapsed="0.000458"/>
</kw>
<kw name="Create Session" owner="RequestsLibrary">
<msg time="2025-07-02T00:01:38.237941" level="INFO">Creating Session using : alias=Cinema App API, url=http://localhost:5000/api/v1, headers={'accept': 'application/json', 'Content-Type': 'application/json', 'Authorization': 'Bearer eyJhbGciOiJIUzI1NiIsInR5cCI6IkpXVCJ9.eyJpZCI6IjY4NjQ2N2MwNjY3MTY0NmNiMTFhYzNhZiIsImlhdCI6MTc1MTQyNTI5OCwiZXhwIjoxNzUxNTExNjk4fQ.AYhTTyY7giVkE_s0MizAg-6Tg-4QMnJiJbC63XJkhBs'},                     cookies={}, auth=None, timeout=None, proxies=None, verify=False,                     debug=0 </msg>
<arg>alias=${ALIAS_BASE}</arg>
<arg>url=${URL_BASE}</arg>
<arg>headers=${headers}</arg>
<doc>Create Session: create a HTTP session to a server</doc>
<status status="PASS" start="2025-07-02T00:01:38.237790" elapsed="0.000253"/>
</kw>
<status status="PASS" start="2025-07-02T00:01:38.237092" elapsed="0.000990"/>
</kw>
<status status="PASS" start="2025-07-02T00:01:38.149705" elapsed="0.088404"/>
</kw>
<kw name="DELETE endpoin /users/id-user" owner="users_keywords">
<kw name="DELETE On Session" owner="RequestsLibrary">
<msg time="2025-07-02T00:01:38.311003" level="INFO">DELETE Request : url=http://localhost:5000/api/v1/users/6864a112f75602e326ad6204 
 path_url=/api/v1/users/6864a112f75602e326ad6204 
 headers={'User-Agent': 'python-requests/2.32.3', 'Accept-Encoding': 'gzip, deflate', 'accept': 'application/json', 'Connection': 'keep-alive', 'Content-Type': 'application/json', 'Authorization': 'Bearer eyJhbGciOiJIUzI1NiIsInR5cCI6IkpXVCJ9.eyJpZCI6IjY4NjQ2N2MwNjY3MTY0NmNiMTFhYzNhZiIsImlhdCI6MTc1MTQyNTI5OCwiZXhwIjoxNzUxNTExNjk4fQ.AYhTTyY7giVkE_s0MizAg-6Tg-4QMnJiJbC63XJkhBs', 'Content-Length': '0'} 
 body=None 
 </msg>
<msg time="2025-07-02T00:01:38.311061" level="INFO">DELETE Response : url=http://localhost:5000/api/v1/users/6864a112f75602e326ad6204 
 status=200, reason=OK 
 headers={'X-Powered-By': 'Express', 'Access-Control-Allow-Origin': '*', 'Content-Type': 'application/json; charset=utf-8', 'Content-Length': '41', 'ETag': 'W/"29-acm6zjlFy5zJu9kfItNOkEuApLY"', 'Date': 'Wed, 02 Jul 2025 03:01:38 GMT', 'Connection': 'keep-alive', 'Keep-Alive': 'timeout=5'} 
 body={"success":true,"message":"User removed"} 
 </msg>
<msg time="2025-07-02T00:01:38.311150" level="INFO">${resp} = &lt;Response [200]&gt;</msg>
<var>${resp}</var>
<arg>alias=${ALIAS_BASE}</arg>
<arg>url=/users/${id_user}</arg>
<arg>headers=${headers}</arg>
<doc>Sends a DELETE request on a previously created HTTP Session.</doc>
<status status="PASS" start="2025-07-02T00:01:38.238591" elapsed="0.072581"/>
</kw>
<kw name="Log" owner="BuiltIn">
<msg time="2025-07-02T00:01:38.311659" level="INFO">Response: {'success': True, 'message': 'User removed'}</msg>
<arg>Response: ${resp.json()}</arg>
<doc>Logs the given message with the given level.</doc>
<status status="PASS" start="2025-07-02T00:01:38.311294" elapsed="0.000405"/>
</kw>
<kw name="Set Test Variable" owner="BuiltIn">
<msg time="2025-07-02T00:01:38.311931" level="INFO">${resp} = &lt;Response [200]&gt;</msg>
<arg>${resp}</arg>
<doc>Makes a variable available everywhere within the scope of the current test.</doc>
<status status="PASS" start="2025-07-02T00:01:38.311828" elapsed="0.000130"/>
</kw>
<status status="PASS" start="2025-07-02T00:01:38.238333" elapsed="0.073660"/>
</kw>
<kw name="Validar se usuário foi removido com sucesso" owner="users_keywords">
<kw name="Should Be Equal" owner="BuiltIn">
<arg>${resp.json()["success"]}</arg>
<arg>${True}</arg>
<doc>Fails if the given objects are unequal.</doc>
<status status="PASS" start="2025-07-02T00:01:38.312408" elapsed="0.000294"/>
</kw>
<kw name="Should Be Equal" owner="BuiltIn">
<arg>${resp.json()["message"]}</arg>
<arg>User removed</arg>
<doc>Fails if the given objects are unequal.</doc>
<status status="PASS" start="2025-07-02T00:01:38.312786" elapsed="0.000257"/>
</kw>
<kw name="Log" owner="BuiltIn">
<msg time="2025-07-02T00:01:38.313356" level="INFO">success: True</msg>
<arg>success: ${resp.json()["success"]}</arg>
<doc>Logs the given message with the given level.</doc>
<status status="PASS" start="2025-07-02T00:01:38.313122" elapsed="0.000262"/>
</kw>
<kw name="Log" owner="BuiltIn">
<msg time="2025-07-02T00:01:38.313683" level="INFO">message: User removed</msg>
<arg>message: ${resp.json()["message"]}</arg>
<doc>Logs the given message with the given level.</doc>
<status status="PASS" start="2025-07-02T00:01:38.313456" elapsed="0.000254"/>
</kw>
<status status="PASS" start="2025-07-02T00:01:38.312220" elapsed="0.001525"/>
</kw>
<kw name="Validar Status Code &quot;200&quot;" owner="common" source_name="Validar Status Code &quot;${statuscode}&quot;">
<kw name="Should Be True" owner="BuiltIn">
<arg>${resp.status_code} == ${statuscode}</arg>
<doc>Fails if the given condition is not true.</doc>
<status status="PASS" start="2025-07-02T00:01:38.314193" elapsed="0.000572"/>
</kw>
<kw name="Log" owner="BuiltIn">
<msg time="2025-07-02T00:01:38.314927" level="INFO">Status Code: 200</msg>
<arg>Status Code: ${statuscode}</arg>
<doc>Logs the given message with the given level.</doc>
<status status="PASS" start="2025-07-02T00:01:38.314849" elapsed="0.000106"/>
</kw>
<status status="PASS" start="2025-07-02T00:01:38.313928" elapsed="0.001063"/>
</kw>
<kw name="Finalizar sessão" owner="base" type="TEARDOWN">
<kw name="Delete All Sessions" owner="RequestsLibrary">
<msg time="2025-07-02T00:01:38.315421" level="INFO">Deleting All Sessions</msg>
<doc>Removes all the session objects</doc>
<status status="PASS" start="2025-07-02T00:01:38.315378" elapsed="0.000089"/>
</kw>
<kw name="Log" owner="BuiltIn">
<msg time="2025-07-02T00:01:38.315588" level="INFO">Sessões encerradas.</msg>
<arg>Sessões encerradas.</arg>
<doc>Logs the given message with the given level.</doc>
<status status="PASS" start="2025-07-02T00:01:38.315538" elapsed="0.000077"/>
</kw>
<status status="PASS" start="2025-07-02T00:01:38.315187" elapsed="0.000462"/>
</kw>
<tag>excluir_user_por_id</tag>
<status status="PASS" start="2025-07-02T00:01:37.874669" elapsed="0.441048"/>
</test>
<doc>Cenários de testes candidatos à automação para o módulo de "Users"</doc>
<status status="PASS" start="2025-07-02T00:01:37.485882" elapsed="0.830150"/>
</suite>
<status status="FAIL" start="2025-07-02T00:01:34.078560" elapsed="4.237981"/>
</suite>
<statistics>
<total>
<stat pass="13" fail="1" skip="0">All Tests</stat>
</total>
<tag>
<stat pass="0" fail="1" skip="0">bug_conhecido</stat>
<stat pass="1" fail="0" skip="0">criar_cinema_invalido</stat>
<stat pass="1" fail="0" skip="0">criar_cinema_valido</stat>
<stat pass="1" fail="0" skip="0">criar_movie_inv</stat>
<stat pass="0" fail="1" skip="0">criar_reserva_inv</stat>
<stat pass="1" fail="0" skip="0">criar_reserva_valida</stat>
<stat pass="1" fail="0" skip="0">criar_sessao_invalido</stat>
<stat pass="1" fail="0" skip="0">criar_sessao_valido</stat>
<stat pass="1" fail="0" skip="0">excluir_user_por_id</stat>
<stat pass="1" fail="0" skip="0">login_inválido</stat>
<stat pass="1" fail="0" skip="0">login_válido</stat>
<stat pass="1" fail="0" skip="0">obter_detalhes_user_por_id</stat>
<stat pass="1" fail="0" skip="0">obter_reserva_sem_auth</stat>
<stat pass="1" fail="0" skip="0">registro_email_dup</stat>
<stat pass="1" fail="0" skip="0">ver_detalhes_filme</stat>
</tag>
<suite>
<stat name="Tests" id="s1" pass="13" fail="1" skip="0">Tests</stat>
<stat name="Authentication Tests" id="s1-s1" pass="3" fail="0" skip="0">Tests.Authentication Tests</stat>
<stat name="Movie Tests" id="s1-s2" pass="2" fail="0" skip="0">Tests.Movie Tests</stat>
<stat name="Reservations Tests" id="s1-s3" pass="2" fail="1" skip="0">Tests.Reservations Tests</stat>
<stat name="Sessions Tests" id="s1-s4" pass="2" fail="0" skip="0">Tests.Sessions Tests</stat>
<stat name="Theaters Tests" id="s1-s5" pass="2" fail="0" skip="0">Tests.Theaters Tests</stat>
<stat name="Users Tests" id="s1-s6" pass="2" fail="0" skip="0">Tests.Users Tests</stat>
</suite>
</statistics>
<errors>
<msg time="2025-07-02T00:01:36.544986" level="WARN">BUG CONFIRMADO: API retorna 'Resource not found' em vez de validar payload</msg>
</errors>
</robot>
